<?xml version="1.0" encoding="UTF-8"?>
<!-- Generated by org.testng.reporters.JUnitXMLReporter -->
<testsuite hostname="Ashmika" ignored="0" name="Default test" tests="62" failures="0" timestamp="2020-05-13T18:59:38 IST" time="6.835" errors="0">
  <testcase name="@BeforeMethod setup" time="5.078" classname="com.quickmove.qa.testcases.VarifyaccountingtypeaddTest">
    <failure type="org.openqa.selenium.SessionNotCreatedException" message="session not created: This version of ChromeDriver only supports Chrome version 79
Build info: version: &amp;apos;3.141.59&amp;apos;, revision: &amp;apos;e82be7d358&amp;apos;, time: &amp;apos;2018-11-14T08:17:03&amp;apos;
System info: host: &amp;apos;ASHMIKA&amp;apos;, ip: &amp;apos;192.168.43.102&amp;apos;, os.name: &amp;apos;Windows 7&amp;apos;, os.arch: &amp;apos;x86&amp;apos;, os.version: &amp;apos;6.1&amp;apos;, java.version: &amp;apos;1.8.0_162&amp;apos;
Driver info: driver.version: ChromeDriver
remote stacktrace: Backtrace:
	Ordinal0 [0x010FA113+1548563]
	Ordinal0 [0x0107DDA1+1039777]
	Ordinal0 [0x00FFE485+517253]
	Ordinal0 [0x00F8FD34+64820]
	Ordinal0 [0x00F8C61E+50718]
	Ordinal0 [0x00FAB797+178071]
	Ordinal0 [0x00FAB59D+177565]
	Ordinal0 [0x00FA95FB+169467]
	Ordinal0 [0x00F9160A+71178]
	Ordinal0 [0x00F92690+75408]
	Ordinal0 [0x00F92629+75305]
	Ordinal0 [0x010971B7+1143223]
	GetHandleVerifier [0x01192B46+507814]
	GetHandleVerifier [0x01192864+507076]
	GetHandleVerifier [0x01199F47+537511]
	GetHandleVerifier [0x01193402+510050]
	Ordinal0 [0x0108F29C+1110684]
	Ordinal0 [0x0109938B+1151883]
	Ordinal0 [0x010994F3+1152243]
	Ordinal0 [0x010983F5+1147893]
	BaseThreadInitThunk [0x75B6EF1C+18]
	RtlInitializeExceptionChain [0x77123648+239]
	RtlInitializeExceptionChain [0x7712361B+194]
">
      <![CDATA[org.openqa.selenium.SessionNotCreatedException: session not created: This version of ChromeDriver only supports Chrome version 79
Build info: version: '3.141.59', revision: 'e82be7d358', time: '2018-11-14T08:17:03'
System info: host: 'ASHMIKA', ip: '192.168.43.102', os.name: 'Windows 7', os.arch: 'x86', os.version: '6.1', java.version: '1.8.0_162'
Driver info: driver.version: ChromeDriver
remote stacktrace: Backtrace:
Ordinal0 [0x010FA113+1548563]
Ordinal0 [0x0107DDA1+1039777]
Ordinal0 [0x00FFE485+517253]
Ordinal0 [0x00F8FD34+64820]
Ordinal0 [0x00F8C61E+50718]
Ordinal0 [0x00FAB797+178071]
Ordinal0 [0x00FAB59D+177565]
Ordinal0 [0x00FA95FB+169467]
Ordinal0 [0x00F9160A+71178]
Ordinal0 [0x00F92690+75408]
Ordinal0 [0x00F92629+75305]
Ordinal0 [0x010971B7+1143223]
GetHandleVerifier [0x01192B46+507814]
GetHandleVerifier [0x01192864+507076]
GetHandleVerifier [0x01199F47+537511]
GetHandleVerifier [0x01193402+510050]
Ordinal0 [0x0108F29C+1110684]
Ordinal0 [0x0109938B+1151883]
Ordinal0 [0x010994F3+1152243]
Ordinal0 [0x010983F5+1147893]
BaseThreadInitThunk [0x75B6EF1C+18]
RtlInitializeExceptionChain [0x77123648+239]
RtlInitializeExceptionChain [0x7712361B+194]

at sun.reflect.NativeConstructorAccessorImpl.newInstance0(Native Method)
at sun.reflect.NativeConstructorAccessorImpl.newInstance(Unknown Source)
at sun.reflect.DelegatingConstructorAccessorImpl.newInstance(Unknown Source)
at java.lang.reflect.Constructor.newInstance(Unknown Source)
at org.openqa.selenium.remote.W3CHandshakeResponse.lambda$errorHandler$0(W3CHandshakeResponse.java:62)
at org.openqa.selenium.remote.HandshakeResponse.lambda$getResponseFunction$0(HandshakeResponse.java:30)
at org.openqa.selenium.remote.ProtocolHandshake.lambda$createSession$0(ProtocolHandshake.java:126)
at java.util.stream.ReferencePipeline$3$1.accept(Unknown Source)
at java.util.Spliterators$ArraySpliterator.tryAdvance(Unknown Source)
at java.util.stream.ReferencePipeline.forEachWithCancel(Unknown Source)
at java.util.stream.AbstractPipeline.copyIntoWithCancel(Unknown Source)
at java.util.stream.AbstractPipeline.copyInto(Unknown Source)
at java.util.stream.AbstractPipeline.wrapAndCopyInto(Unknown Source)
at java.util.stream.FindOps$FindOp.evaluateSequential(Unknown Source)
at java.util.stream.AbstractPipeline.evaluate(Unknown Source)
at java.util.stream.ReferencePipeline.findFirst(Unknown Source)
at org.openqa.selenium.remote.ProtocolHandshake.createSession(ProtocolHandshake.java:128)
at org.openqa.selenium.remote.ProtocolHandshake.createSession(ProtocolHandshake.java:74)
at org.openqa.selenium.remote.HttpCommandExecutor.execute(HttpCommandExecutor.java:136)
at org.openqa.selenium.remote.service.DriverCommandExecutor.execute(DriverCommandExecutor.java:83)
at org.openqa.selenium.remote.RemoteWebDriver.execute(RemoteWebDriver.java:552)
at org.openqa.selenium.remote.RemoteWebDriver.startSession(RemoteWebDriver.java:213)
at org.openqa.selenium.remote.RemoteWebDriver.<init>(RemoteWebDriver.java:131)
at org.openqa.selenium.chrome.ChromeDriver.<init>(ChromeDriver.java:181)
at org.openqa.selenium.chrome.ChromeDriver.<init>(ChromeDriver.java:168)
at org.openqa.selenium.chrome.ChromeDriver.<init>(ChromeDriver.java:123)
at com.quickmove.qa.base.TestBase.initialization(TestBase.java:40)
at com.quickmove.qa.testcases.VarifyaccountingtypeaddTest.setup(VarifyaccountingtypeaddTest.java:43)
at sun.reflect.NativeMethodAccessorImpl.invoke0(Native Method)
at sun.reflect.NativeMethodAccessorImpl.invoke(Unknown Source)
at sun.reflect.DelegatingMethodAccessorImpl.invoke(Unknown Source)
at java.lang.reflect.Method.invoke(Unknown Source)
at org.testng.internal.MethodInvocationHelper.invokeMethod(MethodInvocationHelper.java:133)
at org.testng.internal.MethodInvocationHelper.invokeMethodConsideringTimeout(MethodInvocationHelper.java:62)
at org.testng.internal.ConfigInvoker.invokeConfigurationMethod(ConfigInvoker.java:340)
at org.testng.internal.ConfigInvoker.invokeConfigurations(ConfigInvoker.java:294)
at org.testng.internal.TestInvoker.runConfigMethods(TestInvoker.java:683)
at org.testng.internal.TestInvoker.invokeMethod(TestInvoker.java:510)
at org.testng.internal.TestInvoker.invokeTestMethod(TestInvoker.java:172)
at org.testng.internal.MethodRunner.runInSequence(MethodRunner.java:46)
at org.testng.internal.TestInvoker$MethodInvocationAgent.invoke(TestInvoker.java:804)
at org.testng.internal.TestInvoker.invokeTestMethods(TestInvoker.java:145)
at org.testng.internal.TestMethodWorker.invokeTestMethods(TestMethodWorker.java:146)
at org.testng.internal.TestMethodWorker.run(TestMethodWorker.java:128)
at java.util.ArrayList.forEach(Unknown Source)
at org.testng.TestRunner.privateRun(TestRunner.java:770)
at org.testng.TestRunner.run(TestRunner.java:591)
at org.testng.SuiteRunner.runTest(SuiteRunner.java:402)
at org.testng.SuiteRunner.runSequentially(SuiteRunner.java:396)
at org.testng.SuiteRunner.privateRun(SuiteRunner.java:355)
at org.testng.SuiteRunner.run(SuiteRunner.java:304)
at org.testng.SuiteRunnerWorker.runSuite(SuiteRunnerWorker.java:53)
at org.testng.SuiteRunnerWorker.run(SuiteRunnerWorker.java:96)
at org.testng.TestNG.runSuitesSequentially(TestNG.java:1180)
at org.testng.TestNG.runSuitesLocally(TestNG.java:1102)
at org.testng.TestNG.runSuites(TestNG.java:1032)
at org.testng.TestNG.run(TestNG.java:1000)
at org.testng.remote.AbstractRemoteTestNG.run(AbstractRemoteTestNG.java:115)
at org.testng.remote.RemoteTestNG.initAndRun(RemoteTestNG.java:251)
at org.testng.remote.RemoteTestNG.main(RemoteTestNG.java:77)
]]>
    </failure>
  </testcase> <!-- @BeforeMethod setup -->
  <testcase name="@BeforeMethod setup" time="-1.589376577484E9" classname="com.quickmove.qa.testcases.VarifyaccountingtypeaddTest">
    <skipped/>
  </testcase> <!-- @BeforeMethod setup -->
  <testcase name="@BeforeMethod setup" time="-1.589376577498E9" classname="com.quickmove.qa.testcases.VarifyaccountingtypeaddTest">
    <skipped/>
  </testcase> <!-- @BeforeMethod setup -->
  <testcase name="@BeforeMethod setup" time="-1.589376577508E9" classname="com.quickmove.qa.testcases.VarifyaccountingtypeaddTest">
    <skipped/>
  </testcase> <!-- @BeforeMethod setup -->
  <testcase name="@BeforeMethod setup" time="-1.589376577518E9" classname="com.quickmove.qa.testcases.VarifyaccountingtypeaddTest">
    <skipped/>
  </testcase> <!-- @BeforeMethod setup -->
  <testcase name="@BeforeMethod setup" time="-1.589376577525E9" classname="com.quickmove.qa.testcases.VarifyaccountingtypeaddTest">
    <skipped/>
  </testcase> <!-- @BeforeMethod setup -->
  <testcase name="@BeforeMethod setup" time="-1.589376577531E9" classname="com.quickmove.qa.testcases.VarifyaccountingtypeaddTest">
    <skipped/>
  </testcase> <!-- @BeforeMethod setup -->
  <testcase name="@BeforeMethod setup" time="-1.589376577539E9" classname="com.quickmove.qa.testcases.VarifyaccountingtypeaddTest">
    <skipped/>
  </testcase> <!-- @BeforeMethod setup -->
  <testcase name="@BeforeMethod setup" time="-1.589376577546E9" classname="com.quickmove.qa.testcases.VarifyaccountingtypeaddTest">
    <skipped/>
  </testcase> <!-- @BeforeMethod setup -->
  <testcase name="@BeforeMethod setup" time="-1.589376577552E9" classname="com.quickmove.qa.testcases.VarifyaccountingtypeaddTest">
    <skipped/>
  </testcase> <!-- @BeforeMethod setup -->
  <testcase name="@BeforeMethod setup" time="-1.589376577558E9" classname="com.quickmove.qa.testcases.VarifyaccountingtypeaddTest">
    <skipped/>
  </testcase> <!-- @BeforeMethod setup -->
  <testcase name="@BeforeMethod setup" time="-1.589376577563E9" classname="com.quickmove.qa.testcases.VarifyaccountingtypeaddTest">
    <skipped/>
  </testcase> <!-- @BeforeMethod setup -->
  <testcase name="@BeforeMethod setup" time="-1.58937657757E9" classname="com.quickmove.qa.testcases.VarifyaccountingtypeaddTest">
    <skipped/>
  </testcase> <!-- @BeforeMethod setup -->
  <testcase name="@BeforeMethod setup" time="-1.589376577575E9" classname="com.quickmove.qa.testcases.VarifyaccountingtypeaddTest">
    <skipped/>
  </testcase> <!-- @BeforeMethod setup -->
  <testcase name="@BeforeMethod setup" time="-1.58937657758E9" classname="com.quickmove.qa.testcases.VarifyaccountingtypeaddTest">
    <skipped/>
  </testcase> <!-- @BeforeMethod setup -->
  <testcase name="@BeforeMethod setup" time="-1.589376577587E9" classname="com.quickmove.qa.testcases.VarifyaccountingtypeaddTest">
    <skipped/>
  </testcase> <!-- @BeforeMethod setup -->
  <testcase name="@BeforeMethod setup" time="-1.589376577595E9" classname="com.quickmove.qa.testcases.VarifyaccountingtypeaddTest">
    <skipped/>
  </testcase> <!-- @BeforeMethod setup -->
  <testcase name="@BeforeMethod setup" time="-1.589376577609E9" classname="com.quickmove.qa.testcases.VarifyaccountingtypeaddTest">
    <skipped/>
  </testcase> <!-- @BeforeMethod setup -->
  <testcase name="@BeforeMethod setup" time="-1.589376577612E9" classname="com.quickmove.qa.testcases.VarifyaccountingtypeaddTest">
    <skipped/>
  </testcase> <!-- @BeforeMethod setup -->
  <testcase name="@BeforeMethod setup" time="-1.589376577619E9" classname="com.quickmove.qa.testcases.VarifyaccountingtypeaddTest">
    <skipped/>
  </testcase> <!-- @BeforeMethod setup -->
  <testcase name="@BeforeMethod setup" time="-1.589376577627E9" classname="com.quickmove.qa.testcases.VarifyaccountingtypeaddTest">
    <skipped/>
  </testcase> <!-- @BeforeMethod setup -->
  <testcase name="@BeforeMethod setup" time="-1.589376577632E9" classname="com.quickmove.qa.testcases.VarifyaccountingtypeaddTest">
    <skipped/>
  </testcase> <!-- @BeforeMethod setup -->
  <testcase name="@BeforeMethod setup" time="-1.589376577639E9" classname="com.quickmove.qa.testcases.VarifyaccountingtypeaddTest">
    <skipped/>
  </testcase> <!-- @BeforeMethod setup -->
  <testcase name="@BeforeMethod setup" time="-1.589376577644E9" classname="com.quickmove.qa.testcases.VarifyaccountingtypeaddTest">
    <skipped/>
  </testcase> <!-- @BeforeMethod setup -->
  <testcase name="@BeforeMethod setup" time="-1.589376577651E9" classname="com.quickmove.qa.testcases.VarifyaccountingtypeaddTest">
    <skipped/>
  </testcase> <!-- @BeforeMethod setup -->
  <testcase name="@BeforeMethod setup" time="-1.589376577656E9" classname="com.quickmove.qa.testcases.VarifyaccountingtypeaddTest">
    <skipped/>
  </testcase> <!-- @BeforeMethod setup -->
  <testcase name="@BeforeMethod setup" time="-1.589376577663E9" classname="com.quickmove.qa.testcases.VarifyaccountingtypeaddTest">
    <skipped/>
  </testcase> <!-- @BeforeMethod setup -->
  <testcase name="@BeforeMethod setup" time="-1.589376577669E9" classname="com.quickmove.qa.testcases.VarifyaccountingtypeaddTest">
    <skipped/>
  </testcase> <!-- @BeforeMethod setup -->
  <testcase name="@BeforeMethod setup" time="-1.589376577677E9" classname="com.quickmove.qa.testcases.VarifyaccountingtypeaddTest">
    <skipped/>
  </testcase> <!-- @BeforeMethod setup -->
  <testcase name="@BeforeMethod setup" time="-1.589376577684E9" classname="com.quickmove.qa.testcases.VarifyaccountingtypeaddTest">
    <skipped/>
  </testcase> <!-- @BeforeMethod setup -->
  <testcase name="@BeforeMethod setup" time="-1.58937657769E9" classname="com.quickmove.qa.testcases.VarifyaccountingtypeaddTest">
    <skipped/>
  </testcase> <!-- @BeforeMethod setup -->
  <testcase name="@BeforeMethod setup" time="-1.589376577873E9" classname="com.quickmove.qa.testcases.VarifyaccountingtypeaddTest">
    <skipped/>
  </testcase> <!-- @BeforeMethod setup -->
  <testcase name="@BeforeMethod setup" time="-1.589376577878E9" classname="com.quickmove.qa.testcases.VarifyaccountingtypeaddTest">
    <skipped/>
  </testcase> <!-- @BeforeMethod setup -->
  <testcase name="@BeforeMethod setup" time="-1.589376577882E9" classname="com.quickmove.qa.testcases.VarifyaccountingtypeaddTest">
    <skipped/>
  </testcase> <!-- @BeforeMethod setup -->
  <testcase name="@BeforeMethod setup" time="-1.589376577887E9" classname="com.quickmove.qa.testcases.VarifyaccountingtypeaddTest">
    <skipped/>
  </testcase> <!-- @BeforeMethod setup -->
  <testcase name="@BeforeMethod setup" time="-1.589376577891E9" classname="com.quickmove.qa.testcases.VarifyaccountingtypeaddTest">
    <skipped/>
  </testcase> <!-- @BeforeMethod setup -->
  <testcase name="@BeforeMethod setup" time="-1.589376577898E9" classname="com.quickmove.qa.testcases.VarifyaccountingtypeaddTest">
    <skipped/>
  </testcase> <!-- @BeforeMethod setup -->
  <testcase name="@BeforeMethod setup" time="-1.589376577902E9" classname="com.quickmove.qa.testcases.VarifyaccountingtypeaddTest">
    <skipped/>
  </testcase> <!-- @BeforeMethod setup -->
  <testcase name="@BeforeMethod setup" time="-1.589376577906E9" classname="com.quickmove.qa.testcases.VarifyaccountingtypeaddTest">
    <skipped/>
  </testcase> <!-- @BeforeMethod setup -->
  <testcase name="@BeforeMethod setup" time="-1.58937657791E9" classname="com.quickmove.qa.testcases.VarifyaccountingtypeaddTest">
    <skipped/>
  </testcase> <!-- @BeforeMethod setup -->
  <testcase name="@BeforeMethod setup" time="-1.589376577915E9" classname="com.quickmove.qa.testcases.VarifyaccountingtypeaddTest">
    <skipped/>
  </testcase> <!-- @BeforeMethod setup -->
  <testcase name="@BeforeMethod setup" time="-1.589376577923E9" classname="com.quickmove.qa.testcases.VarifyaccountingtypeaddTest">
    <skipped/>
  </testcase> <!-- @BeforeMethod setup -->
  <testcase name="@BeforeMethod setup" time="-1.589376577926E9" classname="com.quickmove.qa.testcases.VarifyaccountingtypeaddTest">
    <skipped/>
  </testcase> <!-- @BeforeMethod setup -->
  <testcase name="@BeforeMethod setup" time="-1.589376577935E9" classname="com.quickmove.qa.testcases.VarifyaccountingtypeaddTest">
    <skipped/>
  </testcase> <!-- @BeforeMethod setup -->
  <testcase name="@BeforeMethod setup" time="-1.589376577939E9" classname="com.quickmove.qa.testcases.VarifyaccountingtypeaddTest">
    <skipped/>
  </testcase> <!-- @BeforeMethod setup -->
  <testcase name="@BeforeMethod setup" time="-1.589376577946E9" classname="com.quickmove.qa.testcases.VarifyaccountingtypeaddTest">
    <skipped/>
  </testcase> <!-- @BeforeMethod setup -->
  <testcase name="@BeforeMethod setup" time="-1.589376577954E9" classname="com.quickmove.qa.testcases.VarifyaccountingtypeaddTest">
    <skipped/>
  </testcase> <!-- @BeforeMethod setup -->
  <testcase name="@BeforeMethod setup" time="-1.589376577957E9" classname="com.quickmove.qa.testcases.VarifyaccountingtypeaddTest">
    <skipped/>
  </testcase> <!-- @BeforeMethod setup -->
  <testcase name="@BeforeMethod setup" time="-1.589376577962E9" classname="com.quickmove.qa.testcases.VarifyaccountingtypeaddTest">
    <skipped/>
  </testcase> <!-- @BeforeMethod setup -->
  <testcase name="@BeforeMethod setup" time="-1.589376577966E9" classname="com.quickmove.qa.testcases.VarifyaccountingtypeaddTest">
    <skipped/>
  </testcase> <!-- @BeforeMethod setup -->
  <testcase name="@BeforeMethod setup" time="-1.589376577972E9" classname="com.quickmove.qa.testcases.VarifyaccountingtypeaddTest">
    <skipped/>
  </testcase> <!-- @BeforeMethod setup -->
  <testcase name="@BeforeMethod setup" time="-1.589376577977E9" classname="com.quickmove.qa.testcases.VarifyaccountingtypeaddTest">
    <skipped/>
  </testcase> <!-- @BeforeMethod setup -->
  <testcase name="@BeforeMethod setup" time="-1.589376577982E9" classname="com.quickmove.qa.testcases.VarifyaccountingtypeaddTest">
    <skipped/>
  </testcase> <!-- @BeforeMethod setup -->
  <testcase name="@BeforeMethod setup" time="-1.589376577987E9" classname="com.quickmove.qa.testcases.VarifyaccountingtypeaddTest">
    <skipped/>
  </testcase> <!-- @BeforeMethod setup -->
  <testcase name="@BeforeMethod setup" time="-1.589376577992E9" classname="com.quickmove.qa.testcases.VarifyaccountingtypeaddTest">
    <skipped/>
  </testcase> <!-- @BeforeMethod setup -->
  <testcase name="@BeforeMethod setup" time="-1.589376577999E9" classname="com.quickmove.qa.testcases.VarifyaccountingtypeaddTest">
    <skipped/>
  </testcase> <!-- @BeforeMethod setup -->
  <testcase name="@BeforeMethod setup" time="-1.589376578002E9" classname="com.quickmove.qa.testcases.VarifyaccountingtypeaddTest">
    <skipped/>
  </testcase> <!-- @BeforeMethod setup -->
  <testcase name="@BeforeMethod setup" time="-1.589376578008E9" classname="com.quickmove.qa.testcases.VarifyaccountingtypeaddTest">
    <skipped/>
  </testcase> <!-- @BeforeMethod setup -->
  <testcase name="@BeforeMethod setup" time="-1.589376578015E9" classname="com.quickmove.qa.testcases.VarifyaccountingtypeaddTest">
    <skipped/>
  </testcase> <!-- @BeforeMethod setup -->
  <testcase name="@BeforeMethod setup" time="-1.589376578018E9" classname="com.quickmove.qa.testcases.VarifyaccountingtypeaddTest">
    <skipped/>
  </testcase> <!-- @BeforeMethod setup -->
  <testcase name="@BeforeMethod setup" time="-1.589376578022E9" classname="com.quickmove.qa.testcases.VarifyaccountingtypeaddTest">
    <skipped/>
  </testcase> <!-- @BeforeMethod setup -->
  <testcase name="@BeforeMethod setup" time="-1.589376578028E9" classname="com.quickmove.qa.testcases.VarifyaccountingtypeaddTest">
    <skipped/>
  </testcase> <!-- @BeforeMethod setup -->
  <testcase name="VerifyAccountconfigurationIncome" time="0.0" classname="com.quickmove.qa.testcases.VarifyaccountingtypeaddTest">
    <skipped/>
  </testcase> <!-- VerifyAccountconfigurationIncome -->
  <testcase name="VerifyAccountconfigurationIncome" time="0.0" classname="com.quickmove.qa.testcases.VarifyaccountingtypeaddTest">
    <skipped/>
  </testcase> <!-- VerifyAccountconfigurationIncome -->
  <testcase name="VerifyAccountconfigurationIncome" time="0.0" classname="com.quickmove.qa.testcases.VarifyaccountingtypeaddTest">
    <skipped/>
  </testcase> <!-- VerifyAccountconfigurationIncome -->
  <testcase name="VerifyAccountconfigurationIncome" time="0.0" classname="com.quickmove.qa.testcases.VarifyaccountingtypeaddTest">
    <skipped/>
  </testcase> <!-- VerifyAccountconfigurationIncome -->
  <testcase name="VerifyAccountconfigurationIncome" time="0.0" classname="com.quickmove.qa.testcases.VarifyaccountingtypeaddTest">
    <skipped/>
  </testcase> <!-- VerifyAccountconfigurationIncome -->
  <testcase name="VerifyAccountconfigurationIncome" time="0.0" classname="com.quickmove.qa.testcases.VarifyaccountingtypeaddTest">
    <skipped/>
  </testcase> <!-- VerifyAccountconfigurationIncome -->
  <testcase name="VerifyAccountconfigurationIncome" time="0.0" classname="com.quickmove.qa.testcases.VarifyaccountingtypeaddTest">
    <skipped/>
  </testcase> <!-- VerifyAccountconfigurationIncome -->
  <testcase name="VerifyAccountconfigurationIncome" time="0.0" classname="com.quickmove.qa.testcases.VarifyaccountingtypeaddTest">
    <skipped/>
  </testcase> <!-- VerifyAccountconfigurationIncome -->
  <testcase name="VerifyAccountconfigurationIncome" time="0.0" classname="com.quickmove.qa.testcases.VarifyaccountingtypeaddTest">
    <skipped/>
  </testcase> <!-- VerifyAccountconfigurationIncome -->
  <testcase name="VerifyAccountconfigurationIncome" time="0.0" classname="com.quickmove.qa.testcases.VarifyaccountingtypeaddTest">
    <skipped/>
  </testcase> <!-- VerifyAccountconfigurationIncome -->
  <testcase name="VerifyAccountconfigurationIncome" time="0.0" classname="com.quickmove.qa.testcases.VarifyaccountingtypeaddTest">
    <skipped/>
  </testcase> <!-- VerifyAccountconfigurationIncome -->
  <testcase name="VerifyAccountconfigurationIncome" time="0.0" classname="com.quickmove.qa.testcases.VarifyaccountingtypeaddTest">
    <skipped/>
  </testcase> <!-- VerifyAccountconfigurationIncome -->
  <testcase name="VerifyAccountconfigurationIncome" time="0.0" classname="com.quickmove.qa.testcases.VarifyaccountingtypeaddTest">
    <skipped/>
  </testcase> <!-- VerifyAccountconfigurationIncome -->
  <testcase name="VerifyAccountconfigurationIncome" time="0.0" classname="com.quickmove.qa.testcases.VarifyaccountingtypeaddTest">
    <skipped/>
  </testcase> <!-- VerifyAccountconfigurationIncome -->
  <testcase name="VerifyAccountconfigurationIncome" time="0.0" classname="com.quickmove.qa.testcases.VarifyaccountingtypeaddTest">
    <skipped/>
  </testcase> <!-- VerifyAccountconfigurationIncome -->
  <testcase name="VerifyAccountconfigurationIncome" time="0.0" classname="com.quickmove.qa.testcases.VarifyaccountingtypeaddTest">
    <skipped/>
  </testcase> <!-- VerifyAccountconfigurationIncome -->
  <testcase name="VerifyAccountconfigurationIncome" time="0.0" classname="com.quickmove.qa.testcases.VarifyaccountingtypeaddTest">
    <skipped/>
  </testcase> <!-- VerifyAccountconfigurationIncome -->
  <testcase name="VerifyAccountconfigurationIncome" time="0.0" classname="com.quickmove.qa.testcases.VarifyaccountingtypeaddTest">
    <skipped/>
  </testcase> <!-- VerifyAccountconfigurationIncome -->
  <testcase name="VerifyAccountconfigurationIncome" time="0.0" classname="com.quickmove.qa.testcases.VarifyaccountingtypeaddTest">
    <skipped/>
  </testcase> <!-- VerifyAccountconfigurationIncome -->
  <testcase name="VerifyAccountconfigurationIncome" time="0.0" classname="com.quickmove.qa.testcases.VarifyaccountingtypeaddTest">
    <skipped/>
  </testcase> <!-- VerifyAccountconfigurationIncome -->
  <testcase name="VerifyAccountconfigurationIncome" time="0.0" classname="com.quickmove.qa.testcases.VarifyaccountingtypeaddTest">
    <skipped/>
  </testcase> <!-- VerifyAccountconfigurationIncome -->
  <testcase name="VerifyAccountconfigurationIncome" time="0.0" classname="com.quickmove.qa.testcases.VarifyaccountingtypeaddTest">
    <skipped/>
  </testcase> <!-- VerifyAccountconfigurationIncome -->
  <testcase name="VerifyAccountconfigurationIncome" time="0.0" classname="com.quickmove.qa.testcases.VarifyaccountingtypeaddTest">
    <skipped/>
  </testcase> <!-- VerifyAccountconfigurationIncome -->
  <testcase name="VerifyAccountconfigurationIncome" time="0.0" classname="com.quickmove.qa.testcases.VarifyaccountingtypeaddTest">
    <skipped/>
  </testcase> <!-- VerifyAccountconfigurationIncome -->
  <testcase name="VerifyAccountconfigurationIncome" time="0.0" classname="com.quickmove.qa.testcases.VarifyaccountingtypeaddTest">
    <skipped/>
  </testcase> <!-- VerifyAccountconfigurationIncome -->
  <testcase name="VerifyAccountconfigurationIncome" time="0.0" classname="com.quickmove.qa.testcases.VarifyaccountingtypeaddTest">
    <skipped/>
  </testcase> <!-- VerifyAccountconfigurationIncome -->
  <testcase name="VerifyAccountconfigurationIncome" time="0.0" classname="com.quickmove.qa.testcases.VarifyaccountingtypeaddTest">
    <skipped/>
  </testcase> <!-- VerifyAccountconfigurationIncome -->
  <testcase name="VerifyAccountconfigurationIncome" time="0.0" classname="com.quickmove.qa.testcases.VarifyaccountingtypeaddTest">
    <skipped/>
  </testcase> <!-- VerifyAccountconfigurationIncome -->
  <testcase name="VerifyAccountconfigurationIncome" time="0.0" classname="com.quickmove.qa.testcases.VarifyaccountingtypeaddTest">
    <skipped/>
  </testcase> <!-- VerifyAccountconfigurationIncome -->
  <testcase name="VerifyAccountconfigurationIncome" time="0.0" classname="com.quickmove.qa.testcases.VarifyaccountingtypeaddTest">
    <skipped/>
  </testcase> <!-- VerifyAccountconfigurationIncome -->
  <testcase name="VerifyAccountconfigurationIncome" time="0.0" classname="com.quickmove.qa.testcases.VarifyaccountingtypeaddTest">
    <skipped/>
  </testcase> <!-- VerifyAccountconfigurationIncome -->
  <testcase name="VerifyAccountconfigurationExpense" time="0.0" classname="com.quickmove.qa.testcases.VarifyaccountingtypeaddTest">
    <skipped/>
  </testcase> <!-- VerifyAccountconfigurationExpense -->
  <testcase name="VerifyAccountconfigurationExpense" time="0.0" classname="com.quickmove.qa.testcases.VarifyaccountingtypeaddTest">
    <skipped/>
  </testcase> <!-- VerifyAccountconfigurationExpense -->
  <testcase name="VerifyAccountconfigurationExpense" time="0.0" classname="com.quickmove.qa.testcases.VarifyaccountingtypeaddTest">
    <skipped/>
  </testcase> <!-- VerifyAccountconfigurationExpense -->
  <testcase name="VerifyAccountconfigurationExpense" time="0.0" classname="com.quickmove.qa.testcases.VarifyaccountingtypeaddTest">
    <skipped/>
  </testcase> <!-- VerifyAccountconfigurationExpense -->
  <testcase name="VerifyAccountconfigurationExpense" time="0.0" classname="com.quickmove.qa.testcases.VarifyaccountingtypeaddTest">
    <skipped/>
  </testcase> <!-- VerifyAccountconfigurationExpense -->
  <testcase name="VerifyAccountconfigurationExpense" time="0.0" classname="com.quickmove.qa.testcases.VarifyaccountingtypeaddTest">
    <skipped/>
  </testcase> <!-- VerifyAccountconfigurationExpense -->
  <testcase name="VerifyAccountconfigurationExpense" time="0.0" classname="com.quickmove.qa.testcases.VarifyaccountingtypeaddTest">
    <skipped/>
  </testcase> <!-- VerifyAccountconfigurationExpense -->
  <testcase name="VerifyAccountconfigurationExpense" time="0.0" classname="com.quickmove.qa.testcases.VarifyaccountingtypeaddTest">
    <skipped/>
  </testcase> <!-- VerifyAccountconfigurationExpense -->
  <testcase name="VerifyAccountconfigurationExpense" time="0.0" classname="com.quickmove.qa.testcases.VarifyaccountingtypeaddTest">
    <skipped/>
  </testcase> <!-- VerifyAccountconfigurationExpense -->
  <testcase name="VerifyAccountconfigurationExpense" time="0.0" classname="com.quickmove.qa.testcases.VarifyaccountingtypeaddTest">
    <skipped/>
  </testcase> <!-- VerifyAccountconfigurationExpense -->
  <testcase name="VerifyAccountconfigurationExpense" time="0.0" classname="com.quickmove.qa.testcases.VarifyaccountingtypeaddTest">
    <skipped/>
  </testcase> <!-- VerifyAccountconfigurationExpense -->
  <testcase name="VerifyAccountconfigurationExpense" time="0.0" classname="com.quickmove.qa.testcases.VarifyaccountingtypeaddTest">
    <skipped/>
  </testcase> <!-- VerifyAccountconfigurationExpense -->
  <testcase name="VerifyAccountconfigurationExpense" time="0.0" classname="com.quickmove.qa.testcases.VarifyaccountingtypeaddTest">
    <skipped/>
  </testcase> <!-- VerifyAccountconfigurationExpense -->
  <testcase name="VerifyAccountconfigurationExpense" time="0.0" classname="com.quickmove.qa.testcases.VarifyaccountingtypeaddTest">
    <skipped/>
  </testcase> <!-- VerifyAccountconfigurationExpense -->
  <testcase name="VerifyAccountconfigurationExpense" time="0.0" classname="com.quickmove.qa.testcases.VarifyaccountingtypeaddTest">
    <skipped/>
  </testcase> <!-- VerifyAccountconfigurationExpense -->
  <testcase name="VerifyAccountconfigurationExpense" time="0.0" classname="com.quickmove.qa.testcases.VarifyaccountingtypeaddTest">
    <skipped/>
  </testcase> <!-- VerifyAccountconfigurationExpense -->
  <testcase name="VerifyAccountconfigurationExpense" time="0.0" classname="com.quickmove.qa.testcases.VarifyaccountingtypeaddTest">
    <skipped/>
  </testcase> <!-- VerifyAccountconfigurationExpense -->
  <testcase name="VerifyAccountconfigurationExpense" time="0.0" classname="com.quickmove.qa.testcases.VarifyaccountingtypeaddTest">
    <skipped/>
  </testcase> <!-- VerifyAccountconfigurationExpense -->
  <testcase name="VerifyAccountconfigurationExpense" time="0.0" classname="com.quickmove.qa.testcases.VarifyaccountingtypeaddTest">
    <skipped/>
  </testcase> <!-- VerifyAccountconfigurationExpense -->
  <testcase name="VerifyAccountconfigurationExpense" time="0.0" classname="com.quickmove.qa.testcases.VarifyaccountingtypeaddTest">
    <skipped/>
  </testcase> <!-- VerifyAccountconfigurationExpense -->
  <testcase name="VerifyAccountconfigurationExpense" time="0.0" classname="com.quickmove.qa.testcases.VarifyaccountingtypeaddTest">
    <skipped/>
  </testcase> <!-- VerifyAccountconfigurationExpense -->
  <testcase name="VerifyAccountconfigurationExpense" time="0.0" classname="com.quickmove.qa.testcases.VarifyaccountingtypeaddTest">
    <skipped/>
  </testcase> <!-- VerifyAccountconfigurationExpense -->
  <testcase name="VerifyAccountconfigurationExpense" time="0.0" classname="com.quickmove.qa.testcases.VarifyaccountingtypeaddTest">
    <skipped/>
  </testcase> <!-- VerifyAccountconfigurationExpense -->
  <testcase name="VerifyAccountconfigurationExpense" time="0.0" classname="com.quickmove.qa.testcases.VarifyaccountingtypeaddTest">
    <skipped/>
  </testcase> <!-- VerifyAccountconfigurationExpense -->
  <testcase name="VerifyAccountconfigurationExpense" time="0.0" classname="com.quickmove.qa.testcases.VarifyaccountingtypeaddTest">
    <skipped/>
  </testcase> <!-- VerifyAccountconfigurationExpense -->
  <testcase name="VerifyAccountconfigurationExpense" time="0.0" classname="com.quickmove.qa.testcases.VarifyaccountingtypeaddTest">
    <skipped/>
  </testcase> <!-- VerifyAccountconfigurationExpense -->
  <testcase name="VerifyAccountconfigurationExpense" time="0.0" classname="com.quickmove.qa.testcases.VarifyaccountingtypeaddTest">
    <skipped/>
  </testcase> <!-- VerifyAccountconfigurationExpense -->
  <testcase name="VerifyAccountconfigurationExpense" time="0.0" classname="com.quickmove.qa.testcases.VarifyaccountingtypeaddTest">
    <skipped/>
  </testcase> <!-- VerifyAccountconfigurationExpense -->
  <testcase name="VerifyAccountconfigurationExpense" time="0.0" classname="com.quickmove.qa.testcases.VarifyaccountingtypeaddTest">
    <skipped/>
  </testcase> <!-- VerifyAccountconfigurationExpense -->
  <testcase name="VerifyAccountconfigurationExpense" time="0.0" classname="com.quickmove.qa.testcases.VarifyaccountingtypeaddTest">
    <skipped/>
  </testcase> <!-- VerifyAccountconfigurationExpense -->
  <testcase name="VerifyAccountconfigurationExpense" time="0.0" classname="com.quickmove.qa.testcases.VarifyaccountingtypeaddTest">
    <skipped/>
  </testcase> <!-- VerifyAccountconfigurationExpense -->
</testsuite> <!-- Default test -->
