<?xml version="1.0" encoding="UTF-8"?>
<!-- Generated by org.testng.reporters.JUnitXMLReporter -->
<testsuite hostname="DESKTOP-HTSMLT5" ignored="0" name=" CRM App Test Cases" tests="332" failures="16" timestamp="2020-05-04T09:45:42 IST" time="1215.31" errors="0">
  <testcase name="@BeforeMethod setup" time="20.741" classname="com.quickmove.qa.testcases.Articlesettingpagetest">
    <failure type="org.openqa.selenium.NoSuchElementException" message="no such element: Unable to locate element: {&amp;quot;method&amp;quot;:&amp;quot;xpath&amp;quot;,&amp;quot;selector&amp;quot;:&amp;quot;//a[@class=&amp;apos;icon-Setting&amp;apos;]&amp;quot;}
  (Session info: chrome=72.0.3626.121)
  (Driver info: chromedriver=73.0.3683.68 (47787ec04b6e38e22703e856e101e840b65afe72),platform=Windows NT 10.0.10240 x86_64) (WARNING: The server did not provide any stacktrace information)
Command duration or timeout: 0 milliseconds
For documentation on this error, please visit: https://www.seleniumhq.org/exceptions/no_such_element.html
Build info: version: &amp;apos;3.141.59&amp;apos;, revision: &amp;apos;e82be7d358&amp;apos;, time: &amp;apos;2018-11-14T08:17:03&amp;apos;
System info: host: &amp;apos;DESKTOP-HTSMLT5&amp;apos;, ip: &amp;apos;192.168.0.111&amp;apos;, os.name: &amp;apos;Windows 10&amp;apos;, os.arch: &amp;apos;amd64&amp;apos;, os.version: &amp;apos;10.0&amp;apos;, java.version: &amp;apos;1.8.0_171&amp;apos;
Driver info: org.openqa.selenium.chrome.ChromeDriver
Capabilities {acceptInsecureCerts: false, acceptSslCerts: false, applicationCacheEnabled: false, browserConnectionEnabled: false, browserName: chrome, chrome: {chromedriverVersion: 73.0.3683.68 (47787ec04b6e3..., userDataDir: C:\Users\Admin\AppData\Loca...}, cssSelectorsEnabled: true, databaseEnabled: false, goog:chromeOptions: {debuggerAddress: localhost:49330}, handlesAlerts: true, hasTouchScreen: false, javascriptEnabled: true, locationContextEnabled: true, mobileEmulationEnabled: false, nativeEvents: true, networkConnectionEnabled: false, pageLoadStrategy: normal, platform: XP, platformName: XP, proxy: Proxy(), rotatable: false, setWindowRect: true, strictFileInteractability: false, takesHeapSnapshot: true, takesScreenshot: true, timeouts: {implicit: 0, pageLoad: 300000, script: 30000}, unexpectedAlertBehaviour: ignore, unhandledPromptBehavior: ignore, version: 72.0.3626.121, webStorageEnabled: true}
Session ID: ec57939e49db9269b37038b4989943bc
*** Element info: {Using=xpath, value=//a[@class=&amp;apos;icon-Setting&amp;apos;]}">
      <![CDATA[org.openqa.selenium.NoSuchElementException: no such element: Unable to locate element: {"method":"xpath","selector":"//a[@class='icon-Setting']"}
  (Session info: chrome=72.0.3626.121)
  (Driver info: chromedriver=73.0.3683.68 (47787ec04b6e38e22703e856e101e840b65afe72),platform=Windows NT 10.0.10240 x86_64) (WARNING: The server did not provide any stacktrace information)
Command duration or timeout: 0 milliseconds
For documentation on this error, please visit: https://www.seleniumhq.org/exceptions/no_such_element.html
Build info: version: '3.141.59', revision: 'e82be7d358', time: '2018-11-14T08:17:03'
System info: host: 'DESKTOP-HTSMLT5', ip: '192.168.0.111', os.name: 'Windows 10', os.arch: 'amd64', os.version: '10.0', java.version: '1.8.0_171'
Driver info: org.openqa.selenium.chrome.ChromeDriver
Capabilities {acceptInsecureCerts: false, acceptSslCerts: false, applicationCacheEnabled: false, browserConnectionEnabled: false, browserName: chrome, chrome: {chromedriverVersion: 73.0.3683.68 (47787ec04b6e3..., userDataDir: C:\Users\Admin\AppData\Loca...}, cssSelectorsEnabled: true, databaseEnabled: false, goog:chromeOptions: {debuggerAddress: localhost:49330}, handlesAlerts: true, hasTouchScreen: false, javascriptEnabled: true, locationContextEnabled: true, mobileEmulationEnabled: false, nativeEvents: true, networkConnectionEnabled: false, pageLoadStrategy: normal, platform: XP, platformName: XP, proxy: Proxy(), rotatable: false, setWindowRect: true, strictFileInteractability: false, takesHeapSnapshot: true, takesScreenshot: true, timeouts: {implicit: 0, pageLoad: 300000, script: 30000}, unexpectedAlertBehaviour: ignore, unhandledPromptBehavior: ignore, version: 72.0.3626.121, webStorageEnabled: true}
Session ID: ec57939e49db9269b37038b4989943bc
*** Element info: {Using=xpath, value=//a[@class='icon-Setting']}
at org.openqa.selenium.remote.ErrorHandler.createThrowable(ErrorHandler.java:214)
at org.openqa.selenium.remote.ErrorHandler.throwIfResponseFailed(ErrorHandler.java:166)
at org.openqa.selenium.remote.http.JsonHttpResponseCodec.reconstructValue(JsonHttpResponseCodec.java:40)
at org.openqa.selenium.remote.http.AbstractHttpResponseCodec.decode(AbstractHttpResponseCodec.java:80)
at org.openqa.selenium.remote.http.AbstractHttpResponseCodec.decode(AbstractHttpResponseCodec.java:44)
at org.openqa.selenium.remote.HttpCommandExecutor.execute(HttpCommandExecutor.java:158)
at org.openqa.selenium.remote.service.DriverCommandExecutor.execute(DriverCommandExecutor.java:83)
at org.openqa.selenium.remote.RemoteWebDriver.execute(RemoteWebDriver.java:552)
at org.openqa.selenium.remote.RemoteWebDriver.findElement(RemoteWebDriver.java:323)
at org.openqa.selenium.remote.RemoteWebDriver.findElementByXPath(RemoteWebDriver.java:428)
at org.openqa.selenium.By$ByXPath.findElement(By.java:353)
at org.openqa.selenium.remote.RemoteWebDriver.findElement(RemoteWebDriver.java:315)
at org.openqa.selenium.support.pagefactory.DefaultElementLocator.findElement(DefaultElementLocator.java:69)
at org.openqa.selenium.support.pagefactory.internal.LocatingElementHandler.invoke(LocatingElementHandler.java:38)
at com.sun.proxy.$Proxy10.click(Unknown Source)
at com.quickmove.qa.pages.HomePage.clickonsettinglink(HomePage.java:22)
at com.quickmove.qa.testcases.Articlesettingpagetest.setup(Articlesettingpagetest.java:37)
at java.util.ArrayList.forEach(Unknown Source)
... Removed 34 stack frames]]>
    </failure>
  </testcase> <!-- @BeforeMethod setup -->
  <testcase name="@AfterMethod teardown" time="-1.588534180094E9" classname="com.quickmove.qa.testcases.Articlesettingpagetest">
    <skipped/>
  </testcase> <!-- @AfterMethod teardown -->
  <testcase name="@BeforeMethod setup" time="-1.588534180094E9" classname="com.quickmove.qa.testcases.Articlesettingpagetest">
    <skipped/>
  </testcase> <!-- @BeforeMethod setup -->
  <testcase name="@AfterMethod teardown" time="-1.58853418011E9" classname="com.quickmove.qa.testcases.Articlesettingpagetest">
    <skipped/>
  </testcase> <!-- @AfterMethod teardown -->
  <testcase name="@BeforeMethod setup" time="-1.58853418011E9" classname="com.quickmove.qa.testcases.Articlesettingpagetest">
    <skipped/>
  </testcase> <!-- @BeforeMethod setup -->
  <testcase name="@AfterMethod teardown" time="-1.58853418011E9" classname="com.quickmove.qa.testcases.Articlesettingpagetest">
    <skipped/>
  </testcase> <!-- @AfterMethod teardown -->
  <testcase name="@BeforeMethod setup" time="-1.588534180125E9" classname="com.quickmove.qa.testcases.Articlesettingpagetest">
    <skipped/>
  </testcase> <!-- @BeforeMethod setup -->
  <testcase name="@AfterMethod teardown" time="-1.588534180141E9" classname="com.quickmove.qa.testcases.Articlesettingpagetest">
    <skipped/>
  </testcase> <!-- @AfterMethod teardown -->
  <testcase name="@BeforeMethod setup" time="-1.588534180157E9" classname="com.quickmove.qa.testcases.Articlesettingpagetest">
    <skipped/>
  </testcase> <!-- @BeforeMethod setup -->
  <testcase name="@AfterMethod teardown" time="-1.588534180165E9" classname="com.quickmove.qa.testcases.Articlesettingpagetest">
    <skipped/>
  </testcase> <!-- @AfterMethod teardown -->
  <testcase name="@BeforeMethod setup" time="-1.588534180165E9" classname="com.quickmove.qa.testcases.Articlesettingpagetest">
    <skipped/>
  </testcase> <!-- @BeforeMethod setup -->
  <testcase name="@AfterMethod teardown" time="-1.588534180173E9" classname="com.quickmove.qa.testcases.Articlesettingpagetest">
    <skipped/>
  </testcase> <!-- @AfterMethod teardown -->
  <testcase name="@BeforeMethod setup" time="-1.588534180173E9" classname="com.quickmove.qa.testcases.Articlesettingpagetest">
    <skipped/>
  </testcase> <!-- @BeforeMethod setup -->
  <testcase name="@AfterMethod teardown" time="-1.588534180181E9" classname="com.quickmove.qa.testcases.Articlesettingpagetest">
    <skipped/>
  </testcase> <!-- @AfterMethod teardown -->
  <testcase name="@BeforeMethod setup" time="-1.588534180185E9" classname="com.quickmove.qa.testcases.Articlesettingpagetest">
    <skipped/>
  </testcase> <!-- @BeforeMethod setup -->
  <testcase name="@AfterMethod teardown" time="-1.588534180189E9" classname="com.quickmove.qa.testcases.Articlesettingpagetest">
    <skipped/>
  </testcase> <!-- @AfterMethod teardown -->
  <testcase name="@BeforeMethod setup" time="-1.588534180189E9" classname="com.quickmove.qa.testcases.Articlesettingpagetest">
    <skipped/>
  </testcase> <!-- @BeforeMethod setup -->
  <testcase name="@AfterMethod teardown" time="-1.588534180205E9" classname="com.quickmove.qa.testcases.Articlesettingpagetest">
    <skipped/>
  </testcase> <!-- @AfterMethod teardown -->
  <testcase name="@BeforeMethod setup" time="-1.588534180209E9" classname="com.quickmove.qa.testcases.Articlesettingpagetest">
    <skipped/>
  </testcase> <!-- @BeforeMethod setup -->
  <testcase name="@AfterMethod teardown" time="-1.588534180213E9" classname="com.quickmove.qa.testcases.Articlesettingpagetest">
    <skipped/>
  </testcase> <!-- @AfterMethod teardown -->
  <testcase name="@BeforeMethod setup" time="-1.588534180217E9" classname="com.quickmove.qa.testcases.Articlesettingpagetest">
    <skipped/>
  </testcase> <!-- @BeforeMethod setup -->
  <testcase name="@AfterMethod teardown" time="-1.588534180221E9" classname="com.quickmove.qa.testcases.Articlesettingpagetest">
    <skipped/>
  </testcase> <!-- @AfterMethod teardown -->
  <testcase name="@BeforeMethod setup" time="-1.588534180225E9" classname="com.quickmove.qa.testcases.Articlesettingpagetest">
    <skipped/>
  </testcase> <!-- @BeforeMethod setup -->
  <testcase name="@AfterMethod teardown" time="-1.588534180229E9" classname="com.quickmove.qa.testcases.Articlesettingpagetest">
    <skipped/>
  </testcase> <!-- @AfterMethod teardown -->
  <testcase name="@BeforeMethod setup" time="-1.588534180229E9" classname="com.quickmove.qa.testcases.Articlesettingpagetest">
    <skipped/>
  </testcase> <!-- @BeforeMethod setup -->
  <testcase name="@AfterMethod teardown" time="-1.588534180233E9" classname="com.quickmove.qa.testcases.Articlesettingpagetest">
    <skipped/>
  </testcase> <!-- @AfterMethod teardown -->
  <testcase name="@BeforeMethod setup" time="-1.588534180237E9" classname="com.quickmove.qa.testcases.Articlesettingpagetest">
    <skipped/>
  </testcase> <!-- @BeforeMethod setup -->
  <testcase name="@AfterMethod teardown" time="-1.588534180241E9" classname="com.quickmove.qa.testcases.Articlesettingpagetest">
    <skipped/>
  </testcase> <!-- @AfterMethod teardown -->
  <testcase name="@BeforeMethod setup" time="-1.588534180241E9" classname="com.quickmove.qa.testcases.Articlesettingpagetest">
    <skipped/>
  </testcase> <!-- @BeforeMethod setup -->
  <testcase name="@AfterMethod teardown" time="-1.588534180245E9" classname="com.quickmove.qa.testcases.Articlesettingpagetest">
    <skipped/>
  </testcase> <!-- @AfterMethod teardown -->
  <testcase name="@BeforeMethod setup" time="-1.588534180245E9" classname="com.quickmove.qa.testcases.Articlesettingpagetest">
    <skipped/>
  </testcase> <!-- @BeforeMethod setup -->
  <testcase name="@AfterMethod teardown" time="-1.588534180257E9" classname="com.quickmove.qa.testcases.Articlesettingpagetest">
    <skipped/>
  </testcase> <!-- @AfterMethod teardown -->
  <testcase name="@BeforeMethod setup" time="-1.588534180261E9" classname="com.quickmove.qa.testcases.Articlesettingpagetest">
    <skipped/>
  </testcase> <!-- @BeforeMethod setup -->
  <testcase name="@AfterMethod teardown" time="-1.588534180265E9" classname="com.quickmove.qa.testcases.Articlesettingpagetest">
    <skipped/>
  </testcase> <!-- @AfterMethod teardown -->
  <testcase name="@BeforeMethod setup" time="-1.588534180265E9" classname="com.quickmove.qa.testcases.Articlesettingpagetest">
    <skipped/>
  </testcase> <!-- @BeforeMethod setup -->
  <testcase name="@AfterMethod teardown" time="-1.588534180269E9" classname="com.quickmove.qa.testcases.Articlesettingpagetest">
    <skipped/>
  </testcase> <!-- @AfterMethod teardown -->
  <testcase name="@BeforeMethod setup" time="-1.588534180273E9" classname="com.quickmove.qa.testcases.Articlesettingpagetest">
    <skipped/>
  </testcase> <!-- @BeforeMethod setup -->
  <testcase name="@AfterMethod teardown" time="-1.588534180277E9" classname="com.quickmove.qa.testcases.Articlesettingpagetest">
    <skipped/>
  </testcase> <!-- @AfterMethod teardown -->
  <testcase name="@BeforeMethod setup" time="-1.588534180277E9" classname="com.quickmove.qa.testcases.Articlesettingpagetest">
    <skipped/>
  </testcase> <!-- @BeforeMethod setup -->
  <testcase name="@AfterMethod teardown" time="-1.588534180281E9" classname="com.quickmove.qa.testcases.Articlesettingpagetest">
    <skipped/>
  </testcase> <!-- @AfterMethod teardown -->
  <testcase name="@BeforeMethod setup" time="-1.588534180281E9" classname="com.quickmove.qa.testcases.Articlesettingpagetest">
    <skipped/>
  </testcase> <!-- @BeforeMethod setup -->
  <testcase name="@AfterMethod teardown" time="-1.588534180285E9" classname="com.quickmove.qa.testcases.Articlesettingpagetest">
    <skipped/>
  </testcase> <!-- @AfterMethod teardown -->
  <testcase name="@BeforeMethod setup" time="-1.588534180289E9" classname="com.quickmove.qa.testcases.Articlesettingpagetest">
    <skipped/>
  </testcase> <!-- @BeforeMethod setup -->
  <testcase name="@AfterMethod teardown" time="-1.588534180293E9" classname="com.quickmove.qa.testcases.Articlesettingpagetest">
    <skipped/>
  </testcase> <!-- @AfterMethod teardown -->
  <testcase name="@BeforeMethod setup" time="-1.588534180293E9" classname="com.quickmove.qa.testcases.Articlesettingpagetest">
    <skipped/>
  </testcase> <!-- @BeforeMethod setup -->
  <testcase name="@AfterMethod teardown" time="-1.588534180297E9" classname="com.quickmove.qa.testcases.Articlesettingpagetest">
    <skipped/>
  </testcase> <!-- @AfterMethod teardown -->
  <testcase name="@BeforeMethod setup" time="-1.588534180297E9" classname="com.quickmove.qa.testcases.Articlesettingpagetest">
    <skipped/>
  </testcase> <!-- @BeforeMethod setup -->
  <testcase name="@AfterMethod teardown" time="-1.588534180301E9" classname="com.quickmove.qa.testcases.Articlesettingpagetest">
    <skipped/>
  </testcase> <!-- @AfterMethod teardown -->
  <testcase name="@BeforeMethod setup" time="-1.588534180301E9" classname="com.quickmove.qa.testcases.Articlesettingpagetest">
    <skipped/>
  </testcase> <!-- @BeforeMethod setup -->
  <testcase name="@AfterMethod teardown" time="-1.588534180309E9" classname="com.quickmove.qa.testcases.Articlesettingpagetest">
    <skipped/>
  </testcase> <!-- @AfterMethod teardown -->
  <testcase name="@BeforeMethod setup" time="-1.588534180313E9" classname="com.quickmove.qa.testcases.Articlesettingpagetest">
    <skipped/>
  </testcase> <!-- @BeforeMethod setup -->
  <testcase name="@AfterMethod teardown" time="-1.588534180317E9" classname="com.quickmove.qa.testcases.Articlesettingpagetest">
    <skipped/>
  </testcase> <!-- @AfterMethod teardown -->
  <testcase name="@BeforeMethod setup" time="-1.588534180321E9" classname="com.quickmove.qa.testcases.Articlesettingpagetest">
    <skipped/>
  </testcase> <!-- @BeforeMethod setup -->
  <testcase name="@AfterMethod teardown" time="-1.588534180325E9" classname="com.quickmove.qa.testcases.Articlesettingpagetest">
    <skipped/>
  </testcase> <!-- @AfterMethod teardown -->
  <testcase name="@BeforeMethod setup" time="-1.588534180325E9" classname="com.quickmove.qa.testcases.Articlesettingpagetest">
    <skipped/>
  </testcase> <!-- @BeforeMethod setup -->
  <testcase name="@AfterMethod teardown" time="-1.588534180329E9" classname="com.quickmove.qa.testcases.Articlesettingpagetest">
    <skipped/>
  </testcase> <!-- @AfterMethod teardown -->
  <testcase name="@BeforeMethod setup" time="-1.588534180333E9" classname="com.quickmove.qa.testcases.Articlesettingpagetest">
    <skipped/>
  </testcase> <!-- @BeforeMethod setup -->
  <testcase name="@AfterMethod teardown" time="-1.588534180337E9" classname="com.quickmove.qa.testcases.Articlesettingpagetest">
    <skipped/>
  </testcase> <!-- @AfterMethod teardown -->
  <testcase name="@BeforeMethod setup" time="-1.588534180337E9" classname="com.quickmove.qa.testcases.Articlesettingpagetest">
    <skipped/>
  </testcase> <!-- @BeforeMethod setup -->
  <testcase name="@AfterMethod teardown" time="-1.588534180341E9" classname="com.quickmove.qa.testcases.Articlesettingpagetest">
    <skipped/>
  </testcase> <!-- @AfterMethod teardown -->
  <testcase name="@BeforeMethod setup" time="-1.588534180345E9" classname="com.quickmove.qa.testcases.Articlesettingpagetest">
    <skipped/>
  </testcase> <!-- @BeforeMethod setup -->
  <testcase name="@AfterMethod teardown" time="-1.588534180345E9" classname="com.quickmove.qa.testcases.Articlesettingpagetest">
    <skipped/>
  </testcase> <!-- @AfterMethod teardown -->
  <testcase name="@BeforeMethod setup" time="-1.588534180345E9" classname="com.quickmove.qa.testcases.Articlesettingpagetest">
    <skipped/>
  </testcase> <!-- @BeforeMethod setup -->
  <testcase name="@AfterMethod teardown" time="-1.588534180345E9" classname="com.quickmove.qa.testcases.Articlesettingpagetest">
    <skipped/>
  </testcase> <!-- @AfterMethod teardown -->
  <testcase name="@BeforeMethod setup" time="-1.588534180345E9" classname="com.quickmove.qa.testcases.Articlesettingpagetest">
    <skipped/>
  </testcase> <!-- @BeforeMethod setup -->
  <testcase name="@AfterMethod teardown" time="-1.588534180345E9" classname="com.quickmove.qa.testcases.Articlesettingpagetest">
    <skipped/>
  </testcase> <!-- @AfterMethod teardown -->
  <testcase name="@BeforeMethod setup" time="-1.588534180345E9" classname="com.quickmove.qa.testcases.Articlesettingpagetest">
    <skipped/>
  </testcase> <!-- @BeforeMethod setup -->
  <testcase name="@AfterMethod teardown" time="-1.588534180345E9" classname="com.quickmove.qa.testcases.Articlesettingpagetest">
    <skipped/>
  </testcase> <!-- @AfterMethod teardown -->
  <testcase name="@BeforeMethod setup" time="-1.588534180345E9" classname="com.quickmove.qa.testcases.Articlesettingpagetest">
    <skipped/>
  </testcase> <!-- @BeforeMethod setup -->
  <testcase name="@AfterMethod teardown" time="-1.58853418036E9" classname="com.quickmove.qa.testcases.Articlesettingpagetest">
    <skipped/>
  </testcase> <!-- @AfterMethod teardown -->
  <testcase name="@BeforeMethod setup" time="-1.58853418036E9" classname="com.quickmove.qa.testcases.Articlesettingpagetest">
    <skipped/>
  </testcase> <!-- @BeforeMethod setup -->
  <testcase name="@AfterMethod teardown" time="-1.58853418036E9" classname="com.quickmove.qa.testcases.Articlesettingpagetest">
    <skipped/>
  </testcase> <!-- @AfterMethod teardown -->
  <testcase name="@BeforeMethod setup" time="-1.58853418036E9" classname="com.quickmove.qa.testcases.Articlesettingpagetest">
    <skipped/>
  </testcase> <!-- @BeforeMethod setup -->
  <testcase name="@AfterMethod teardown" time="-1.588534180376E9" classname="com.quickmove.qa.testcases.Articlesettingpagetest">
    <skipped/>
  </testcase> <!-- @AfterMethod teardown -->
  <testcase name="@BeforeMethod setup" time="-1.588534180376E9" classname="com.quickmove.qa.testcases.Articlesettingpagetest">
    <skipped/>
  </testcase> <!-- @BeforeMethod setup -->
  <testcase name="@AfterMethod teardown" time="-1.588534180392E9" classname="com.quickmove.qa.testcases.Articlesettingpagetest">
    <skipped/>
  </testcase> <!-- @AfterMethod teardown -->
  <testcase name="@BeforeMethod setup" time="-1.588534180392E9" classname="com.quickmove.qa.testcases.Articlesettingpagetest">
    <skipped/>
  </testcase> <!-- @BeforeMethod setup -->
  <testcase name="@AfterMethod teardown" time="-1.588534180392E9" classname="com.quickmove.qa.testcases.Articlesettingpagetest">
    <skipped/>
  </testcase> <!-- @AfterMethod teardown -->
  <testcase name="@BeforeMethod setup" time="-1.588534180392E9" classname="com.quickmove.qa.testcases.Articlesettingpagetest">
    <skipped/>
  </testcase> <!-- @BeforeMethod setup -->
  <testcase name="@AfterMethod teardown" time="-1.588534180407E9" classname="com.quickmove.qa.testcases.Articlesettingpagetest">
    <skipped/>
  </testcase> <!-- @AfterMethod teardown -->
  <testcase name="@BeforeMethod setup" time="-1.588534180407E9" classname="com.quickmove.qa.testcases.Articlesettingpagetest">
    <skipped/>
  </testcase> <!-- @BeforeMethod setup -->
  <testcase name="@AfterMethod teardown" time="-1.588534180407E9" classname="com.quickmove.qa.testcases.Articlesettingpagetest">
    <skipped/>
  </testcase> <!-- @AfterMethod teardown -->
  <testcase name="@BeforeMethod setup" time="-1.588534180407E9" classname="com.quickmove.qa.testcases.Articlesettingpagetest">
    <skipped/>
  </testcase> <!-- @BeforeMethod setup -->
  <testcase name="@AfterMethod teardown" time="-1.588534180407E9" classname="com.quickmove.qa.testcases.Articlesettingpagetest">
    <skipped/>
  </testcase> <!-- @AfterMethod teardown -->
  <testcase name="@BeforeMethod setup" time="-1.588534180407E9" classname="com.quickmove.qa.testcases.Articlesettingpagetest">
    <skipped/>
  </testcase> <!-- @BeforeMethod setup -->
  <testcase name="@AfterMethod teardown" time="-1.588534180423E9" classname="com.quickmove.qa.testcases.Articlesettingpagetest">
    <skipped/>
  </testcase> <!-- @AfterMethod teardown -->
  <testcase name="@BeforeMethod setup" time="-1.588534180423E9" classname="com.quickmove.qa.testcases.Articlesettingpagetest">
    <skipped/>
  </testcase> <!-- @BeforeMethod setup -->
  <testcase name="@AfterMethod teardown" time="-1.588534180438E9" classname="com.quickmove.qa.testcases.Articlesettingpagetest">
    <skipped/>
  </testcase> <!-- @AfterMethod teardown -->
  <testcase name="@BeforeMethod setup" time="-1.588534180438E9" classname="com.quickmove.qa.testcases.Articlesettingpagetest">
    <skipped/>
  </testcase> <!-- @BeforeMethod setup -->
  <testcase name="@AfterMethod teardown" time="-1.588534180438E9" classname="com.quickmove.qa.testcases.Articlesettingpagetest">
    <skipped/>
  </testcase> <!-- @AfterMethod teardown -->
  <testcase name="@BeforeMethod setup" time="-1.588534180438E9" classname="com.quickmove.qa.testcases.Articlesettingpagetest">
    <skipped/>
  </testcase> <!-- @BeforeMethod setup -->
  <testcase name="@AfterMethod teardown" time="-1.588534180438E9" classname="com.quickmove.qa.testcases.Articlesettingpagetest">
    <skipped/>
  </testcase> <!-- @AfterMethod teardown -->
  <testcase name="@BeforeMethod setup" time="-1.588534180438E9" classname="com.quickmove.qa.testcases.Articlesettingpagetest">
    <skipped/>
  </testcase> <!-- @BeforeMethod setup -->
  <testcase name="@AfterMethod teardown" time="-1.588534180454E9" classname="com.quickmove.qa.testcases.Articlesettingpagetest">
    <skipped/>
  </testcase> <!-- @AfterMethod teardown -->
  <testcase name="@BeforeMethod setup" time="-1.588534180454E9" classname="com.quickmove.qa.testcases.Articlesettingpagetest">
    <skipped/>
  </testcase> <!-- @BeforeMethod setup -->
  <testcase name="@AfterMethod teardown" time="-1.588534180454E9" classname="com.quickmove.qa.testcases.Articlesettingpagetest">
    <skipped/>
  </testcase> <!-- @AfterMethod teardown -->
  <testcase name="@BeforeMethod setup" time="-1.588534180454E9" classname="com.quickmove.qa.testcases.Articlesettingpagetest">
    <skipped/>
  </testcase> <!-- @BeforeMethod setup -->
  <testcase name="@AfterMethod teardown" time="-1.588534180454E9" classname="com.quickmove.qa.testcases.Articlesettingpagetest">
    <skipped/>
  </testcase> <!-- @AfterMethod teardown -->
  <testcase name="@BeforeMethod setup" time="-1.588534180454E9" classname="com.quickmove.qa.testcases.Articlesettingpagetest">
    <skipped/>
  </testcase> <!-- @BeforeMethod setup -->
  <testcase name="@AfterMethod teardown" time="-1.588534180471E9" classname="com.quickmove.qa.testcases.Articlesettingpagetest">
    <skipped/>
  </testcase> <!-- @AfterMethod teardown -->
  <testcase name="@BeforeMethod setup" time="-1.588534180472E9" classname="com.quickmove.qa.testcases.Articlesettingpagetest">
    <skipped/>
  </testcase> <!-- @BeforeMethod setup -->
  <testcase name="@AfterMethod teardown" time="-1.588534180492E9" classname="com.quickmove.qa.testcases.Articlesettingpagetest">
    <skipped/>
  </testcase> <!-- @AfterMethod teardown -->
  <testcase name="@BeforeMethod setup" time="-1.588534180494E9" classname="com.quickmove.qa.testcases.Articlesettingpagetest">
    <skipped/>
  </testcase> <!-- @BeforeMethod setup -->
  <testcase name="@AfterMethod teardown" time="-1.588534180498E9" classname="com.quickmove.qa.testcases.Articlesettingpagetest">
    <skipped/>
  </testcase> <!-- @AfterMethod teardown -->
  <testcase name="@BeforeMethod setup" time="-1.588534180502E9" classname="com.quickmove.qa.testcases.Articlesettingpagetest">
    <skipped/>
  </testcase> <!-- @BeforeMethod setup -->
  <testcase name="@AfterMethod teardown" time="-1.588534180525E9" classname="com.quickmove.qa.testcases.Articlesettingpagetest">
    <skipped/>
  </testcase> <!-- @AfterMethod teardown -->
  <testcase name="@BeforeMethod setup" time="-1.588534180527E9" classname="com.quickmove.qa.testcases.Articlesettingpagetest">
    <skipped/>
  </testcase> <!-- @BeforeMethod setup -->
  <testcase name="@AfterMethod teardown" time="-1.58853418053E9" classname="com.quickmove.qa.testcases.Articlesettingpagetest">
    <skipped/>
  </testcase> <!-- @AfterMethod teardown -->
  <testcase name="@BeforeMethod setup" time="-1.588534180531E9" classname="com.quickmove.qa.testcases.Articlesettingpagetest">
    <skipped/>
  </testcase> <!-- @BeforeMethod setup -->
  <testcase name="@AfterMethod teardown" time="-1.588534180535E9" classname="com.quickmove.qa.testcases.Articlesettingpagetest">
    <skipped/>
  </testcase> <!-- @AfterMethod teardown -->
  <testcase name="@BeforeMethod setup" time="-1.588534180542E9" classname="com.quickmove.qa.testcases.Articlesettingpagetest">
    <skipped/>
  </testcase> <!-- @BeforeMethod setup -->
  <testcase name="@AfterMethod teardown" time="-1.588534180546E9" classname="com.quickmove.qa.testcases.Articlesettingpagetest">
    <skipped/>
  </testcase> <!-- @AfterMethod teardown -->
  <testcase name="@BeforeMethod setup" time="-1.588534180547E9" classname="com.quickmove.qa.testcases.Articlesettingpagetest">
    <skipped/>
  </testcase> <!-- @BeforeMethod setup -->
  <testcase name="@AfterMethod teardown" time="-1.588534180552E9" classname="com.quickmove.qa.testcases.Articlesettingpagetest">
    <skipped/>
  </testcase> <!-- @AfterMethod teardown -->
  <testcase name="@BeforeMethod setup" time="-1.588534180553E9" classname="com.quickmove.qa.testcases.Articlesettingpagetest">
    <skipped/>
  </testcase> <!-- @BeforeMethod setup -->
  <testcase name="@AfterMethod teardown" time="-1.588534180556E9" classname="com.quickmove.qa.testcases.Articlesettingpagetest">
    <skipped/>
  </testcase> <!-- @AfterMethod teardown -->
  <testcase name="@BeforeMethod setup" time="-1.588534180559E9" classname="com.quickmove.qa.testcases.Articlesettingpagetest">
    <skipped/>
  </testcase> <!-- @BeforeMethod setup -->
  <testcase name="@AfterMethod teardown" time="-1.58853418057E9" classname="com.quickmove.qa.testcases.Articlesettingpagetest">
    <skipped/>
  </testcase> <!-- @AfterMethod teardown -->
  <testcase name="@BeforeMethod setup" time="-1.588534180571E9" classname="com.quickmove.qa.testcases.Articlesettingpagetest">
    <skipped/>
  </testcase> <!-- @BeforeMethod setup -->
  <testcase name="@AfterMethod teardown" time="-1.588534180574E9" classname="com.quickmove.qa.testcases.Articlesettingpagetest">
    <skipped/>
  </testcase> <!-- @AfterMethod teardown -->
  <testcase name="@BeforeMethod setup" time="-1.588534180575E9" classname="com.quickmove.qa.testcases.Articlesettingpagetest">
    <skipped/>
  </testcase> <!-- @BeforeMethod setup -->
  <testcase name="@AfterMethod teardown" time="-1.588534180605E9" classname="com.quickmove.qa.testcases.Articlesettingpagetest">
    <skipped/>
  </testcase> <!-- @AfterMethod teardown -->
  <testcase name="@BeforeMethod setup" time="-1.588534180608E9" classname="com.quickmove.qa.testcases.Articlesettingpagetest">
    <skipped/>
  </testcase> <!-- @BeforeMethod setup -->
  <testcase name="@AfterMethod teardown" time="-1.588534180612E9" classname="com.quickmove.qa.testcases.Articlesettingpagetest">
    <skipped/>
  </testcase> <!-- @AfterMethod teardown -->
  <testcase name="@BeforeMethod setup" time="-1.588534180613E9" classname="com.quickmove.qa.testcases.Articlesettingpagetest">
    <skipped/>
  </testcase> <!-- @BeforeMethod setup -->
  <testcase name="@AfterMethod teardown" time="-1.588534180616E9" classname="com.quickmove.qa.testcases.Articlesettingpagetest">
    <skipped/>
  </testcase> <!-- @AfterMethod teardown -->
  <testcase name="@BeforeMethod setup" time="-1.588534180618E9" classname="com.quickmove.qa.testcases.Articlesettingpagetest">
    <skipped/>
  </testcase> <!-- @BeforeMethod setup -->
  <testcase name="@AfterMethod teardown" time="-1.588534180621E9" classname="com.quickmove.qa.testcases.Articlesettingpagetest">
    <skipped/>
  </testcase> <!-- @AfterMethod teardown -->
  <testcase name="@BeforeMethod setup" time="-1.588534180622E9" classname="com.quickmove.qa.testcases.Articlesettingpagetest">
    <skipped/>
  </testcase> <!-- @BeforeMethod setup -->
  <testcase name="@AfterMethod teardown" time="-1.588534180625E9" classname="com.quickmove.qa.testcases.Articlesettingpagetest">
    <skipped/>
  </testcase> <!-- @AfterMethod teardown -->
  <testcase name="@BeforeMethod setup" time="-1.588534180637E9" classname="com.quickmove.qa.testcases.Articlesettingpagetest">
    <skipped/>
  </testcase> <!-- @BeforeMethod setup -->
  <testcase name="@AfterMethod teardown" time="-1.588534180641E9" classname="com.quickmove.qa.testcases.Articlesettingpagetest">
    <skipped/>
  </testcase> <!-- @AfterMethod teardown -->
  <testcase name="@BeforeMethod setup" time="-1.588534180642E9" classname="com.quickmove.qa.testcases.Articlesettingpagetest">
    <skipped/>
  </testcase> <!-- @BeforeMethod setup -->
  <testcase name="@AfterMethod teardown" time="-1.588534180657E9" classname="com.quickmove.qa.testcases.Articlesettingpagetest">
    <skipped/>
  </testcase> <!-- @AfterMethod teardown -->
  <testcase name="@BeforeMethod setup" time="-1.588534180658E9" classname="com.quickmove.qa.testcases.Articlesettingpagetest">
    <skipped/>
  </testcase> <!-- @BeforeMethod setup -->
  <testcase name="@AfterMethod teardown" time="-1.588534180664E9" classname="com.quickmove.qa.testcases.Articlesettingpagetest">
    <skipped/>
  </testcase> <!-- @AfterMethod teardown -->
  <testcase name="@BeforeMethod setup" time="-1.588534180665E9" classname="com.quickmove.qa.testcases.Articlesettingpagetest">
    <skipped/>
  </testcase> <!-- @BeforeMethod setup -->
  <testcase name="@AfterMethod teardown" time="-1.588534180669E9" classname="com.quickmove.qa.testcases.Articlesettingpagetest">
    <skipped/>
  </testcase> <!-- @AfterMethod teardown -->
  <testcase name="@BeforeMethod setup" time="-1.58853418067E9" classname="com.quickmove.qa.testcases.Articlesettingpagetest">
    <skipped/>
  </testcase> <!-- @BeforeMethod setup -->
  <testcase name="@AfterMethod teardown" time="-1.588534180674E9" classname="com.quickmove.qa.testcases.Articlesettingpagetest">
    <skipped/>
  </testcase> <!-- @AfterMethod teardown -->
  <testcase name="@BeforeMethod setup" time="-1.588534180675E9" classname="com.quickmove.qa.testcases.Articlesettingpagetest">
    <skipped/>
  </testcase> <!-- @BeforeMethod setup -->
  <testcase name="@AfterMethod teardown" time="-1.588534180677E9" classname="com.quickmove.qa.testcases.Articlesettingpagetest">
    <skipped/>
  </testcase> <!-- @AfterMethod teardown -->
  <testcase name="@BeforeMethod setup" time="-1.588534180687E9" classname="com.quickmove.qa.testcases.Articlesettingpagetest">
    <skipped/>
  </testcase> <!-- @BeforeMethod setup -->
  <testcase name="@AfterMethod teardown" time="-1.58853418069E9" classname="com.quickmove.qa.testcases.Articlesettingpagetest">
    <skipped/>
  </testcase> <!-- @AfterMethod teardown -->
  <testcase name="@BeforeMethod setup" time="-1.58853418069E9" classname="com.quickmove.qa.testcases.Articlesettingpagetest">
    <skipped/>
  </testcase> <!-- @BeforeMethod setup -->
  <testcase name="@AfterMethod teardown" time="-1.588534180693E9" classname="com.quickmove.qa.testcases.Articlesettingpagetest">
    <skipped/>
  </testcase> <!-- @AfterMethod teardown -->
  <testcase name="@BeforeMethod setup" time="-1.588534180693E9" classname="com.quickmove.qa.testcases.Articlesettingpagetest">
    <skipped/>
  </testcase> <!-- @BeforeMethod setup -->
  <testcase name="@AfterMethod teardown" time="-1.588534180709E9" classname="com.quickmove.qa.testcases.Articlesettingpagetest">
    <skipped/>
  </testcase> <!-- @AfterMethod teardown -->
  <testcase name="@BeforeMethod setup" time="-1.58853418071E9" classname="com.quickmove.qa.testcases.Articlesettingpagetest">
    <skipped/>
  </testcase> <!-- @BeforeMethod setup -->
  <testcase name="@AfterMethod teardown" time="-1.588534180712E9" classname="com.quickmove.qa.testcases.Articlesettingpagetest">
    <skipped/>
  </testcase> <!-- @AfterMethod teardown -->
  <testcase name="@BeforeMethod setup" time="-1.588534180712E9" classname="com.quickmove.qa.testcases.Articlesettingpagetest">
    <skipped/>
  </testcase> <!-- @BeforeMethod setup -->
  <testcase name="@AfterMethod teardown" time="-1.58853418072E9" classname="com.quickmove.qa.testcases.Articlesettingpagetest">
    <skipped/>
  </testcase> <!-- @AfterMethod teardown -->
  <testcase name="@BeforeMethod setup" time="-1.58853418072E9" classname="com.quickmove.qa.testcases.Articlesettingpagetest">
    <skipped/>
  </testcase> <!-- @BeforeMethod setup -->
  <testcase name="@AfterMethod teardown" time="-1.58853418072E9" classname="com.quickmove.qa.testcases.Articlesettingpagetest">
    <skipped/>
  </testcase> <!-- @AfterMethod teardown -->
  <testcase name="@BeforeMethod setup" time="-1.58853418072E9" classname="com.quickmove.qa.testcases.Articlesettingpagetest">
    <skipped/>
  </testcase> <!-- @BeforeMethod setup -->
  <testcase name="@AfterMethod teardown" time="-1.58853418072E9" classname="com.quickmove.qa.testcases.Articlesettingpagetest">
    <skipped/>
  </testcase> <!-- @AfterMethod teardown -->
  <testcase name="@BeforeMethod setup" time="-1.588534180736E9" classname="com.quickmove.qa.testcases.Articlesettingpagetest">
    <skipped/>
  </testcase> <!-- @BeforeMethod setup -->
  <testcase name="@AfterMethod teardown" time="-1.588534180736E9" classname="com.quickmove.qa.testcases.Articlesettingpagetest">
    <skipped/>
  </testcase> <!-- @AfterMethod teardown -->
  <testcase name="@BeforeMethod setup" time="-1.588534180736E9" classname="com.quickmove.qa.testcases.Articlesettingpagetest">
    <skipped/>
  </testcase> <!-- @BeforeMethod setup -->
  <testcase name="@AfterMethod teardown" time="-1.588534180736E9" classname="com.quickmove.qa.testcases.Articlesettingpagetest">
    <skipped/>
  </testcase> <!-- @AfterMethod teardown -->
  <testcase name="@BeforeMethod setup" time="-1.588534180751E9" classname="com.quickmove.qa.testcases.Articlesettingpagetest">
    <skipped/>
  </testcase> <!-- @BeforeMethod setup -->
  <testcase name="@AfterMethod teardown" time="-1.588534180751E9" classname="com.quickmove.qa.testcases.Articlesettingpagetest">
    <skipped/>
  </testcase> <!-- @AfterMethod teardown -->
  <testcase name="@BeforeMethod setup" time="-1.588534180751E9" classname="com.quickmove.qa.testcases.Articlesettingpagetest">
    <skipped/>
  </testcase> <!-- @BeforeMethod setup -->
  <testcase name="@AfterMethod teardown" time="-1.588534180751E9" classname="com.quickmove.qa.testcases.Articlesettingpagetest">
    <skipped/>
  </testcase> <!-- @AfterMethod teardown -->
  <testcase name="@BeforeMethod setup" time="-1.588534180751E9" classname="com.quickmove.qa.testcases.Articlesettingpagetest">
    <skipped/>
  </testcase> <!-- @BeforeMethod setup -->
  <testcase name="@AfterMethod teardown" time="-1.588534180783E9" classname="com.quickmove.qa.testcases.Articlesettingpagetest">
    <skipped/>
  </testcase> <!-- @AfterMethod teardown -->
  <testcase name="@BeforeMethod setup" time="-1.588534180783E9" classname="com.quickmove.qa.testcases.Articlesettingpagetest">
    <skipped/>
  </testcase> <!-- @BeforeMethod setup -->
  <testcase name="@AfterMethod teardown" time="-1.588534180783E9" classname="com.quickmove.qa.testcases.Articlesettingpagetest">
    <skipped/>
  </testcase> <!-- @AfterMethod teardown -->
  <testcase name="@BeforeMethod setup" time="-1.588534180783E9" classname="com.quickmove.qa.testcases.Articlesettingpagetest">
    <skipped/>
  </testcase> <!-- @BeforeMethod setup -->
  <testcase name="@AfterMethod teardown" time="-1.588534180798E9" classname="com.quickmove.qa.testcases.Articlesettingpagetest">
    <skipped/>
  </testcase> <!-- @AfterMethod teardown -->
  <testcase name="@BeforeMethod setup" time="-1.588534180798E9" classname="com.quickmove.qa.testcases.Articlesettingpagetest">
    <skipped/>
  </testcase> <!-- @BeforeMethod setup -->
  <testcase name="@AfterMethod teardown" time="-1.588534180814E9" classname="com.quickmove.qa.testcases.Articlesettingpagetest">
    <skipped/>
  </testcase> <!-- @AfterMethod teardown -->
  <testcase name="@BeforeMethod setup" time="-1.588534180814E9" classname="com.quickmove.qa.testcases.Articlesettingpagetest">
    <skipped/>
  </testcase> <!-- @BeforeMethod setup -->
  <testcase name="@AfterMethod teardown" time="-1.588534180814E9" classname="com.quickmove.qa.testcases.Articlesettingpagetest">
    <skipped/>
  </testcase> <!-- @AfterMethod teardown -->
  <testcase name="@BeforeMethod setup" time="-1.588534180829E9" classname="com.quickmove.qa.testcases.Articlesettingpagetest">
    <skipped/>
  </testcase> <!-- @BeforeMethod setup -->
  <testcase name="@AfterMethod teardown" time="-1.588534180829E9" classname="com.quickmove.qa.testcases.Articlesettingpagetest">
    <skipped/>
  </testcase> <!-- @AfterMethod teardown -->
  <testcase name="@BeforeMethod setup" time="-1.588534180829E9" classname="com.quickmove.qa.testcases.Articlesettingpagetest">
    <skipped/>
  </testcase> <!-- @BeforeMethod setup -->
  <testcase name="@AfterMethod teardown" time="-1.588534180829E9" classname="com.quickmove.qa.testcases.Articlesettingpagetest">
    <skipped/>
  </testcase> <!-- @AfterMethod teardown -->
  <testcase name="@BeforeMethod setup" time="-1.588534180861E9" classname="com.quickmove.qa.testcases.Articlesettingpagetest">
    <skipped/>
  </testcase> <!-- @BeforeMethod setup -->
  <testcase name="@AfterMethod teardown" time="-1.588534180861E9" classname="com.quickmove.qa.testcases.Articlesettingpagetest">
    <skipped/>
  </testcase> <!-- @AfterMethod teardown -->
  <testcase name="@BeforeMethod setup" time="-1.588534180861E9" classname="com.quickmove.qa.testcases.Articlesettingpagetest">
    <skipped/>
  </testcase> <!-- @BeforeMethod setup -->
  <testcase name="@AfterMethod teardown" time="-1.588534180861E9" classname="com.quickmove.qa.testcases.Articlesettingpagetest">
    <skipped/>
  </testcase> <!-- @AfterMethod teardown -->
  <testcase name="@BeforeMethod setup" time="-1.588534180861E9" classname="com.quickmove.qa.testcases.Articlesettingpagetest">
    <skipped/>
  </testcase> <!-- @BeforeMethod setup -->
  <testcase name="@AfterMethod teardown" time="-1.588534180876E9" classname="com.quickmove.qa.testcases.Articlesettingpagetest">
    <skipped/>
  </testcase> <!-- @AfterMethod teardown -->
  <testcase name="@BeforeMethod setup" time="-1.588534180876E9" classname="com.quickmove.qa.testcases.Articlesettingpagetest">
    <skipped/>
  </testcase> <!-- @BeforeMethod setup -->
  <testcase name="@AfterMethod teardown" time="-1.588534180876E9" classname="com.quickmove.qa.testcases.Articlesettingpagetest">
    <skipped/>
  </testcase> <!-- @AfterMethod teardown -->
  <testcase name="@BeforeMethod setup" time="-1.588534180876E9" classname="com.quickmove.qa.testcases.Articlesettingpagetest">
    <skipped/>
  </testcase> <!-- @BeforeMethod setup -->
  <testcase name="@AfterMethod teardown" time="-1.588534180892E9" classname="com.quickmove.qa.testcases.Articlesettingpagetest">
    <skipped/>
  </testcase> <!-- @AfterMethod teardown -->
  <testcase name="@BeforeMethod setup" time="-1.588534180908E9" classname="com.quickmove.qa.testcases.Articlesettingpagetest">
    <skipped/>
  </testcase> <!-- @BeforeMethod setup -->
  <testcase name="@AfterMethod teardown" time="-1.588534180908E9" classname="com.quickmove.qa.testcases.Articlesettingpagetest">
    <skipped/>
  </testcase> <!-- @AfterMethod teardown -->
  <testcase name="@BeforeMethod setup" time="-1.588534180908E9" classname="com.quickmove.qa.testcases.Articlesettingpagetest">
    <skipped/>
  </testcase> <!-- @BeforeMethod setup -->
  <testcase name="@AfterMethod teardown" time="-1.588534180908E9" classname="com.quickmove.qa.testcases.Articlesettingpagetest">
    <skipped/>
  </testcase> <!-- @AfterMethod teardown -->
  <testcase name="@BeforeMethod setup" time="-1.588534180923E9" classname="com.quickmove.qa.testcases.Articlesettingpagetest">
    <skipped/>
  </testcase> <!-- @BeforeMethod setup -->
  <testcase name="@AfterMethod teardown" time="-1.588534180923E9" classname="com.quickmove.qa.testcases.Articlesettingpagetest">
    <skipped/>
  </testcase> <!-- @AfterMethod teardown -->
  <testcase name="@BeforeMethod setup" time="-1.588534180923E9" classname="com.quickmove.qa.testcases.Articlesettingpagetest">
    <skipped/>
  </testcase> <!-- @BeforeMethod setup -->
  <testcase name="@AfterMethod teardown" time="-1.588534180923E9" classname="com.quickmove.qa.testcases.Articlesettingpagetest">
    <skipped/>
  </testcase> <!-- @AfterMethod teardown -->
  <testcase name="@BeforeMethod setup" time="-1.588534180923E9" classname="com.quickmove.qa.testcases.Articlesettingpagetest">
    <skipped/>
  </testcase> <!-- @BeforeMethod setup -->
  <testcase name="@AfterMethod teardown" time="-1.588534180939E9" classname="com.quickmove.qa.testcases.Articlesettingpagetest">
    <skipped/>
  </testcase> <!-- @AfterMethod teardown -->
  <testcase name="@BeforeMethod setup" time="-1.588534180939E9" classname="com.quickmove.qa.testcases.Articlesettingpagetest">
    <skipped/>
  </testcase> <!-- @BeforeMethod setup -->
  <testcase name="@AfterMethod teardown" time="-1.588534180939E9" classname="com.quickmove.qa.testcases.Articlesettingpagetest">
    <skipped/>
  </testcase> <!-- @AfterMethod teardown -->
  <testcase name="@BeforeMethod setup" time="-1.588534180939E9" classname="com.quickmove.qa.testcases.Articlesettingpagetest">
    <skipped/>
  </testcase> <!-- @BeforeMethod setup -->
  <testcase name="@AfterMethod teardown" time="-1.588534180939E9" classname="com.quickmove.qa.testcases.Articlesettingpagetest">
    <skipped/>
  </testcase> <!-- @AfterMethod teardown -->
  <testcase name="@BeforeMethod setup" time="-1.588534180939E9" classname="com.quickmove.qa.testcases.Articlesettingpagetest">
    <skipped/>
  </testcase> <!-- @BeforeMethod setup -->
  <testcase name="@AfterMethod teardown" time="-1.588534180939E9" classname="com.quickmove.qa.testcases.Articlesettingpagetest">
    <skipped/>
  </testcase> <!-- @AfterMethod teardown -->
  <testcase name="@BeforeMethod setup" time="-1.588534180954E9" classname="com.quickmove.qa.testcases.Articlesettingpagetest">
    <skipped/>
  </testcase> <!-- @BeforeMethod setup -->
  <testcase name="@AfterMethod teardown" time="-1.588534180954E9" classname="com.quickmove.qa.testcases.Articlesettingpagetest">
    <skipped/>
  </testcase> <!-- @AfterMethod teardown -->
  <testcase name="@BeforeMethod setup" time="-1.588534180954E9" classname="com.quickmove.qa.testcases.Articlesettingpagetest">
    <skipped/>
  </testcase> <!-- @BeforeMethod setup -->
  <testcase name="@AfterMethod teardown" time="-1.588534180954E9" classname="com.quickmove.qa.testcases.Articlesettingpagetest">
    <skipped/>
  </testcase> <!-- @AfterMethod teardown -->
  <testcase name="@BeforeMethod setup" time="-1.588534180954E9" classname="com.quickmove.qa.testcases.Articlesettingpagetest">
    <skipped/>
  </testcase> <!-- @BeforeMethod setup -->
  <testcase name="@AfterMethod teardown" time="-1.588534181001E9" classname="com.quickmove.qa.testcases.Articlesettingpagetest">
    <skipped/>
  </testcase> <!-- @AfterMethod teardown -->
  <testcase name="@BeforeMethod setup" time="-1.588534182396E9" classname="com.quickmove.qa.testcases.Articlesettingpagetest">
    <skipped/>
  </testcase> <!-- @BeforeMethod setup -->
  <testcase name="@AfterMethod teardown" time="-1.588534182396E9" classname="com.quickmove.qa.testcases.Articlesettingpagetest">
    <skipped/>
  </testcase> <!-- @AfterMethod teardown -->
  <testcase name="@BeforeMethod setup" time="-1.588534182396E9" classname="com.quickmove.qa.testcases.Articlesettingpagetest">
    <skipped/>
  </testcase> <!-- @BeforeMethod setup -->
  <testcase name="@AfterMethod teardown" time="-1.588534182411E9" classname="com.quickmove.qa.testcases.Articlesettingpagetest">
    <skipped/>
  </testcase> <!-- @AfterMethod teardown -->
  <testcase name="@BeforeMethod setup" time="-1.588534182427E9" classname="com.quickmove.qa.testcases.Articlesettingpagetest">
    <skipped/>
  </testcase> <!-- @BeforeMethod setup -->
  <testcase name="@AfterMethod teardown" time="-1.588534182427E9" classname="com.quickmove.qa.testcases.Articlesettingpagetest">
    <skipped/>
  </testcase> <!-- @AfterMethod teardown -->
  <testcase name="@BeforeMethod setup" time="-1.588534182427E9" classname="com.quickmove.qa.testcases.Articlesettingpagetest">
    <skipped/>
  </testcase> <!-- @BeforeMethod setup -->
  <testcase name="@AfterMethod teardown" time="-1.588534182427E9" classname="com.quickmove.qa.testcases.Articlesettingpagetest">
    <skipped/>
  </testcase> <!-- @AfterMethod teardown -->
  <testcase name="@BeforeMethod setup" time="-1.588534182443E9" classname="com.quickmove.qa.testcases.Articlesettingpagetest">
    <skipped/>
  </testcase> <!-- @BeforeMethod setup -->
  <testcase name="@AfterMethod teardown" time="-1.588534182474E9" classname="com.quickmove.qa.testcases.Articlesettingpagetest">
    <skipped/>
  </testcase> <!-- @AfterMethod teardown -->
  <testcase name="@BeforeMethod setup" time="-1.588534182474E9" classname="com.quickmove.qa.testcases.Articlesettingpagetest">
    <skipped/>
  </testcase> <!-- @BeforeMethod setup -->
  <testcase name="@AfterMethod teardown" time="-1.588534182474E9" classname="com.quickmove.qa.testcases.Articlesettingpagetest">
    <skipped/>
  </testcase> <!-- @AfterMethod teardown -->
  <testcase name="@BeforeMethod setup" time="-1.588534182474E9" classname="com.quickmove.qa.testcases.Articlesettingpagetest">
    <skipped/>
  </testcase> <!-- @BeforeMethod setup -->
  <testcase name="@AfterMethod teardown" time="-1.588534182521E9" classname="com.quickmove.qa.testcases.Articlesettingpagetest">
    <skipped/>
  </testcase> <!-- @AfterMethod teardown -->
  <testcase name="@BeforeMethod setup" time="-1.588534182521E9" classname="com.quickmove.qa.testcases.Articlesettingpagetest">
    <skipped/>
  </testcase> <!-- @BeforeMethod setup -->
  <testcase name="@AfterMethod teardown" time="-1.588534182521E9" classname="com.quickmove.qa.testcases.Articlesettingpagetest">
    <skipped/>
  </testcase> <!-- @AfterMethod teardown -->
  <testcase name="@BeforeMethod setup" time="-1.588534182521E9" classname="com.quickmove.qa.testcases.Articlesettingpagetest">
    <skipped/>
  </testcase> <!-- @BeforeMethod setup -->
  <testcase name="@AfterMethod teardown" time="-1.588534182521E9" classname="com.quickmove.qa.testcases.Articlesettingpagetest">
    <skipped/>
  </testcase> <!-- @AfterMethod teardown -->
  <testcase name="@BeforeMethod setup" time="-1.588534182536E9" classname="com.quickmove.qa.testcases.Articlesettingpagetest">
    <skipped/>
  </testcase> <!-- @BeforeMethod setup -->
  <testcase name="@AfterMethod teardown" time="-1.588534182552E9" classname="com.quickmove.qa.testcases.Articlesettingpagetest">
    <skipped/>
  </testcase> <!-- @AfterMethod teardown -->
  <testcase name="@BeforeMethod setup" time="-1.588534182552E9" classname="com.quickmove.qa.testcases.Articlesettingpagetest">
    <skipped/>
  </testcase> <!-- @BeforeMethod setup -->
  <testcase name="@AfterMethod teardown" time="-1.588534182552E9" classname="com.quickmove.qa.testcases.Articlesettingpagetest">
    <skipped/>
  </testcase> <!-- @AfterMethod teardown -->
  <testcase name="@BeforeMethod setup" time="-1.588534182568E9" classname="com.quickmove.qa.testcases.Articlesettingpagetest">
    <skipped/>
  </testcase> <!-- @BeforeMethod setup -->
  <testcase name="@AfterMethod teardown" time="-1.588534182583E9" classname="com.quickmove.qa.testcases.Articlesettingpagetest">
    <skipped/>
  </testcase> <!-- @AfterMethod teardown -->
  <testcase name="@BeforeMethod setup" time="-1.588534182583E9" classname="com.quickmove.qa.testcases.Articlesettingpagetest">
    <skipped/>
  </testcase> <!-- @BeforeMethod setup -->
  <testcase name="@AfterMethod teardown" time="-1.588534182583E9" classname="com.quickmove.qa.testcases.Articlesettingpagetest">
    <skipped/>
  </testcase> <!-- @AfterMethod teardown -->
  <testcase name="@BeforeMethod setup" time="-1.588534182583E9" classname="com.quickmove.qa.testcases.Articlesettingpagetest">
    <skipped/>
  </testcase> <!-- @BeforeMethod setup -->
  <testcase name="@AfterMethod teardown" time="-1.588534182583E9" classname="com.quickmove.qa.testcases.Articlesettingpagetest">
    <skipped/>
  </testcase> <!-- @AfterMethod teardown -->
  <testcase name="@BeforeMethod setup" time="-1.588534182583E9" classname="com.quickmove.qa.testcases.Articlesettingpagetest">
    <skipped/>
  </testcase> <!-- @BeforeMethod setup -->
  <testcase name="@AfterMethod teardown" time="-1.588534182599E9" classname="com.quickmove.qa.testcases.Articlesettingpagetest">
    <skipped/>
  </testcase> <!-- @AfterMethod teardown -->
  <testcase name="@BeforeMethod setup" time="-1.588534182599E9" classname="com.quickmove.qa.testcases.Articlesettingpagetest">
    <skipped/>
  </testcase> <!-- @BeforeMethod setup -->
  <testcase name="@AfterMethod teardown" time="-1.588534182614E9" classname="com.quickmove.qa.testcases.Articlesettingpagetest">
    <skipped/>
  </testcase> <!-- @AfterMethod teardown -->
  <testcase name="@BeforeMethod setup" time="-1.588534182614E9" classname="com.quickmove.qa.testcases.Articlesettingpagetest">
    <skipped/>
  </testcase> <!-- @BeforeMethod setup -->
  <testcase name="@AfterMethod teardown" time="-1.588534182614E9" classname="com.quickmove.qa.testcases.Articlesettingpagetest">
    <skipped/>
  </testcase> <!-- @AfterMethod teardown -->
  <testcase name="@BeforeMethod setup" time="-1.588534182614E9" classname="com.quickmove.qa.testcases.Articlesettingpagetest">
    <skipped/>
  </testcase> <!-- @BeforeMethod setup -->
  <testcase name="@AfterMethod teardown" time="-1.588534182614E9" classname="com.quickmove.qa.testcases.Articlesettingpagetest">
    <skipped/>
  </testcase> <!-- @AfterMethod teardown -->
  <testcase name="@BeforeMethod setup" time="-1.58853418263E9" classname="com.quickmove.qa.testcases.Articlesettingpagetest">
    <skipped/>
  </testcase> <!-- @BeforeMethod setup -->
  <testcase name="@AfterMethod teardown" time="-1.58853418263E9" classname="com.quickmove.qa.testcases.Articlesettingpagetest">
    <skipped/>
  </testcase> <!-- @AfterMethod teardown -->
  <testcase name="@BeforeMethod setup" time="-1.58853418263E9" classname="com.quickmove.qa.testcases.Articlesettingpagetest">
    <skipped/>
  </testcase> <!-- @BeforeMethod setup -->
  <testcase name="@AfterMethod teardown" time="-1.58853418263E9" classname="com.quickmove.qa.testcases.Articlesettingpagetest">
    <skipped/>
  </testcase> <!-- @AfterMethod teardown -->
  <testcase name="@BeforeMethod setup" time="-1.588534182646E9" classname="com.quickmove.qa.testcases.Articlesettingpagetest">
    <skipped/>
  </testcase> <!-- @BeforeMethod setup -->
  <testcase name="@AfterMethod teardown" time="-1.588534182646E9" classname="com.quickmove.qa.testcases.Articlesettingpagetest">
    <skipped/>
  </testcase> <!-- @AfterMethod teardown -->
  <testcase name="@BeforeMethod setup" time="-1.588534182646E9" classname="com.quickmove.qa.testcases.Articlesettingpagetest">
    <skipped/>
  </testcase> <!-- @BeforeMethod setup -->
  <testcase name="@AfterMethod teardown" time="-1.588534182646E9" classname="com.quickmove.qa.testcases.Articlesettingpagetest">
    <skipped/>
  </testcase> <!-- @AfterMethod teardown -->
  <testcase name="@BeforeMethod setup" time="-1.588534182646E9" classname="com.quickmove.qa.testcases.Articlesettingpagetest">
    <skipped/>
  </testcase> <!-- @BeforeMethod setup -->
  <testcase name="@AfterMethod teardown" time="-1.588534182661E9" classname="com.quickmove.qa.testcases.Articlesettingpagetest">
    <skipped/>
  </testcase> <!-- @AfterMethod teardown -->
  <testcase name="@BeforeMethod setup" time="-1.588534182661E9" classname="com.quickmove.qa.testcases.Articlesettingpagetest">
    <skipped/>
  </testcase> <!-- @BeforeMethod setup -->
  <testcase name="@AfterMethod teardown" time="-1.588534182661E9" classname="com.quickmove.qa.testcases.Articlesettingpagetest">
    <skipped/>
  </testcase> <!-- @AfterMethod teardown -->
  <testcase name="@BeforeMethod setup" time="-1.588534182661E9" classname="com.quickmove.qa.testcases.Articlesettingpagetest">
    <skipped/>
  </testcase> <!-- @BeforeMethod setup -->
  <testcase name="@AfterMethod teardown" time="-1.588534182661E9" classname="com.quickmove.qa.testcases.Articlesettingpagetest">
    <skipped/>
  </testcase> <!-- @AfterMethod teardown -->
  <testcase name="@BeforeMethod setup" time="-1.588534182661E9" classname="com.quickmove.qa.testcases.Articlesettingpagetest">
    <skipped/>
  </testcase> <!-- @BeforeMethod setup -->
  <testcase name="@AfterMethod teardown" time="-1.588534182661E9" classname="com.quickmove.qa.testcases.Articlesettingpagetest">
    <skipped/>
  </testcase> <!-- @AfterMethod teardown -->
  <testcase name="@BeforeMethod setup" time="-1.588534182677E9" classname="com.quickmove.qa.testcases.Articlesettingpagetest">
    <skipped/>
  </testcase> <!-- @BeforeMethod setup -->
  <testcase name="@AfterMethod teardown" time="-1.588534182677E9" classname="com.quickmove.qa.testcases.Articlesettingpagetest">
    <skipped/>
  </testcase> <!-- @AfterMethod teardown -->
  <testcase name="@BeforeMethod setup" time="-1.588534182677E9" classname="com.quickmove.qa.testcases.Articlesettingpagetest">
    <skipped/>
  </testcase> <!-- @BeforeMethod setup -->
  <testcase name="@AfterMethod teardown" time="-1.588534182677E9" classname="com.quickmove.qa.testcases.Articlesettingpagetest">
    <skipped/>
  </testcase> <!-- @AfterMethod teardown -->
  <testcase name="@BeforeMethod setup" time="-1.588534182677E9" classname="com.quickmove.qa.testcases.Articlesettingpagetest">
    <skipped/>
  </testcase> <!-- @BeforeMethod setup -->
  <testcase name="@AfterMethod teardown" time="-1.588534182677E9" classname="com.quickmove.qa.testcases.Articlesettingpagetest">
    <skipped/>
  </testcase> <!-- @AfterMethod teardown -->
  <testcase name="@BeforeMethod setup" time="-1.588534182693E9" classname="com.quickmove.qa.testcases.Articlesettingpagetest">
    <skipped/>
  </testcase> <!-- @BeforeMethod setup -->
  <testcase name="@AfterMethod teardown" time="-1.588534182693E9" classname="com.quickmove.qa.testcases.Articlesettingpagetest">
    <skipped/>
  </testcase> <!-- @AfterMethod teardown -->
  <testcase name="@BeforeMethod setup" time="-1.588534182693E9" classname="com.quickmove.qa.testcases.Articlesettingpagetest">
    <skipped/>
  </testcase> <!-- @BeforeMethod setup -->
  <testcase name="@AfterMethod teardown" time="-1.588534182693E9" classname="com.quickmove.qa.testcases.Articlesettingpagetest">
    <skipped/>
  </testcase> <!-- @AfterMethod teardown -->
  <testcase name="@BeforeMethod setup" time="-1.588534182693E9" classname="com.quickmove.qa.testcases.Articlesettingpagetest">
    <skipped/>
  </testcase> <!-- @BeforeMethod setup -->
  <testcase name="@AfterMethod teardown" time="-1.588534182708E9" classname="com.quickmove.qa.testcases.Articlesettingpagetest">
    <skipped/>
  </testcase> <!-- @AfterMethod teardown -->
  <testcase name="@BeforeMethod setup" time="-1.588534182708E9" classname="com.quickmove.qa.testcases.Articlesettingpagetest">
    <skipped/>
  </testcase> <!-- @BeforeMethod setup -->
  <testcase name="@AfterMethod teardown" time="-1.588534182708E9" classname="com.quickmove.qa.testcases.Articlesettingpagetest">
    <skipped/>
  </testcase> <!-- @AfterMethod teardown -->
  <testcase name="@BeforeMethod setup" time="-1.588534182708E9" classname="com.quickmove.qa.testcases.Articlesettingpagetest">
    <skipped/>
  </testcase> <!-- @BeforeMethod setup -->
  <testcase name="@AfterMethod teardown" time="-1.588534182724E9" classname="com.quickmove.qa.testcases.Articlesettingpagetest">
    <skipped/>
  </testcase> <!-- @AfterMethod teardown -->
  <testcase name="@BeforeMethod setup" time="-1.588534182724E9" classname="com.quickmove.qa.testcases.Articlesettingpagetest">
    <skipped/>
  </testcase> <!-- @BeforeMethod setup -->
  <testcase name="@AfterMethod teardown" time="-1.588534182724E9" classname="com.quickmove.qa.testcases.Articlesettingpagetest">
    <skipped/>
  </testcase> <!-- @AfterMethod teardown -->
  <testcase name="@BeforeMethod setup" time="-1.588534182724E9" classname="com.quickmove.qa.testcases.Articlesettingpagetest">
    <skipped/>
  </testcase> <!-- @BeforeMethod setup -->
  <testcase name="@AfterMethod teardown" time="-1.588534182724E9" classname="com.quickmove.qa.testcases.Articlesettingpagetest">
    <skipped/>
  </testcase> <!-- @AfterMethod teardown -->
  <testcase name="@BeforeMethod setup" time="-1.588534182724E9" classname="com.quickmove.qa.testcases.Articlesettingpagetest">
    <skipped/>
  </testcase> <!-- @BeforeMethod setup -->
  <testcase name="@AfterMethod teardown" time="-1.588534182724E9" classname="com.quickmove.qa.testcases.Articlesettingpagetest">
    <skipped/>
  </testcase> <!-- @AfterMethod teardown -->
  <testcase name="@BeforeMethod setup" time="-1.588534182724E9" classname="com.quickmove.qa.testcases.Articlesettingpagetest">
    <skipped/>
  </testcase> <!-- @BeforeMethod setup -->
  <testcase name="@AfterMethod teardown" time="-1.588534182739E9" classname="com.quickmove.qa.testcases.Articlesettingpagetest">
    <skipped/>
  </testcase> <!-- @AfterMethod teardown -->
  <testcase name="@BeforeMethod setup" time="-1.588534182739E9" classname="com.quickmove.qa.testcases.Articlesettingpagetest">
    <skipped/>
  </testcase> <!-- @BeforeMethod setup -->
  <testcase name="@AfterMethod teardown" time="-1.588534182739E9" classname="com.quickmove.qa.testcases.Articlesettingpagetest">
    <skipped/>
  </testcase> <!-- @AfterMethod teardown -->
  <testcase name="@BeforeMethod setup" time="-1.588534182739E9" classname="com.quickmove.qa.testcases.Articlesettingpagetest">
    <skipped/>
  </testcase> <!-- @BeforeMethod setup -->
  <testcase name="@AfterMethod teardown" time="-1.588534182739E9" classname="com.quickmove.qa.testcases.Articlesettingpagetest">
    <skipped/>
  </testcase> <!-- @AfterMethod teardown -->
  <testcase name="@BeforeMethod setup" time="-1.588534182739E9" classname="com.quickmove.qa.testcases.Articlesettingpagetest">
    <skipped/>
  </testcase> <!-- @BeforeMethod setup -->
  <testcase name="@AfterMethod teardown" time="-1.588534182755E9" classname="com.quickmove.qa.testcases.Articlesettingpagetest">
    <skipped/>
  </testcase> <!-- @AfterMethod teardown -->
  <testcase name="@BeforeMethod setup" time="-1.588534182755E9" classname="com.quickmove.qa.testcases.Articlesettingpagetest">
    <skipped/>
  </testcase> <!-- @BeforeMethod setup -->
  <testcase name="@AfterMethod teardown" time="-1.588534182755E9" classname="com.quickmove.qa.testcases.Articlesettingpagetest">
    <skipped/>
  </testcase> <!-- @AfterMethod teardown -->
  <testcase name="@BeforeMethod setup" time="-1.588534182755E9" classname="com.quickmove.qa.testcases.Articlesettingpagetest">
    <skipped/>
  </testcase> <!-- @BeforeMethod setup -->
  <testcase name="@AfterMethod teardown" time="-1.588534182771E9" classname="com.quickmove.qa.testcases.Articlesettingpagetest">
    <skipped/>
  </testcase> <!-- @AfterMethod teardown -->
  <testcase name="@BeforeMethod setup" time="-1.588534182771E9" classname="com.quickmove.qa.testcases.Articlesettingpagetest">
    <skipped/>
  </testcase> <!-- @BeforeMethod setup -->
  <testcase name="@AfterMethod teardown" time="-1.588534182771E9" classname="com.quickmove.qa.testcases.Articlesettingpagetest">
    <skipped/>
  </testcase> <!-- @AfterMethod teardown -->
  <testcase name="@BeforeMethod setup" time="-1.588534182771E9" classname="com.quickmove.qa.testcases.Articlesettingpagetest">
    <skipped/>
  </testcase> <!-- @BeforeMethod setup -->
  <testcase name="@AfterMethod teardown" time="-1.588534182771E9" classname="com.quickmove.qa.testcases.Articlesettingpagetest">
    <skipped/>
  </testcase> <!-- @AfterMethod teardown -->
  <testcase name="@BeforeMethod setup" time="-1.588534182802E9" classname="com.quickmove.qa.testcases.Articlesettingpagetest">
    <skipped/>
  </testcase> <!-- @BeforeMethod setup -->
  <testcase name="@AfterMethod teardown" time="-1.588534182802E9" classname="com.quickmove.qa.testcases.Articlesettingpagetest">
    <skipped/>
  </testcase> <!-- @AfterMethod teardown -->
  <testcase name="@BeforeMethod setup" time="-1.588534182802E9" classname="com.quickmove.qa.testcases.Articlesettingpagetest">
    <skipped/>
  </testcase> <!-- @BeforeMethod setup -->
  <testcase name="@AfterMethod teardown" time="-1.588534182802E9" classname="com.quickmove.qa.testcases.Articlesettingpagetest">
    <skipped/>
  </testcase> <!-- @AfterMethod teardown -->
  <testcase name="@BeforeMethod setup" time="-1.588534182802E9" classname="com.quickmove.qa.testcases.Articlesettingpagetest">
    <skipped/>
  </testcase> <!-- @BeforeMethod setup -->
  <testcase name="@AfterMethod teardown" time="-1.588534182802E9" classname="com.quickmove.qa.testcases.Articlesettingpagetest">
    <skipped/>
  </testcase> <!-- @AfterMethod teardown -->
  <testcase name="@BeforeMethod setup" time="-1.588534182802E9" classname="com.quickmove.qa.testcases.Articlesettingpagetest">
    <skipped/>
  </testcase> <!-- @BeforeMethod setup -->
  <testcase name="@AfterMethod teardown" time="-1.588534182818E9" classname="com.quickmove.qa.testcases.Articlesettingpagetest">
    <skipped/>
  </testcase> <!-- @AfterMethod teardown -->
  <testcase name="@BeforeMethod setup" time="-1.588534182818E9" classname="com.quickmove.qa.testcases.Articlesettingpagetest">
    <skipped/>
  </testcase> <!-- @BeforeMethod setup -->
  <testcase name="@AfterMethod teardown" time="-1.588534182818E9" classname="com.quickmove.qa.testcases.Articlesettingpagetest">
    <skipped/>
  </testcase> <!-- @AfterMethod teardown -->
  <testcase name="@BeforeMethod setup" time="-1.588534182818E9" classname="com.quickmove.qa.testcases.Articlesettingpagetest">
    <skipped/>
  </testcase> <!-- @BeforeMethod setup -->
  <testcase name="@AfterMethod teardown" time="-1.588534182818E9" classname="com.quickmove.qa.testcases.Articlesettingpagetest">
    <skipped/>
  </testcase> <!-- @AfterMethod teardown -->
  <testcase name="@BeforeMethod setup" time="-1.588534182818E9" classname="com.quickmove.qa.testcases.Articlesettingpagetest">
    <skipped/>
  </testcase> <!-- @BeforeMethod setup -->
  <testcase name="@AfterMethod teardown" time="-1.588534182833E9" classname="com.quickmove.qa.testcases.Articlesettingpagetest">
    <skipped/>
  </testcase> <!-- @AfterMethod teardown -->
  <testcase name="@BeforeMethod setup" time="-1.588534182833E9" classname="com.quickmove.qa.testcases.Articlesettingpagetest">
    <skipped/>
  </testcase> <!-- @BeforeMethod setup -->
  <testcase name="@AfterMethod teardown" time="-1.588534182833E9" classname="com.quickmove.qa.testcases.Articlesettingpagetest">
    <skipped/>
  </testcase> <!-- @AfterMethod teardown -->
  <testcase name="@BeforeMethod setup" time="-1.588534182849E9" classname="com.quickmove.qa.testcases.Articlesettingpagetest">
    <skipped/>
  </testcase> <!-- @BeforeMethod setup -->
  <testcase name="@AfterMethod teardown" time="-1.588534182849E9" classname="com.quickmove.qa.testcases.Articlesettingpagetest">
    <skipped/>
  </testcase> <!-- @AfterMethod teardown -->
  <testcase name="@BeforeMethod setup" time="-1.588534182943E9" classname="com.quickmove.qa.testcases.Articlesettingpagetest">
    <skipped/>
  </testcase> <!-- @BeforeMethod setup -->
  <testcase name="@AfterMethod teardown" time="-1.588534182943E9" classname="com.quickmove.qa.testcases.Articlesettingpagetest">
    <skipped/>
  </testcase> <!-- @AfterMethod teardown -->
  <testcase name="@BeforeMethod setup" time="-1.588534182943E9" classname="com.quickmove.qa.testcases.Articlesettingpagetest">
    <skipped/>
  </testcase> <!-- @BeforeMethod setup -->
  <testcase name="@AfterMethod teardown" time="-1.588534182943E9" classname="com.quickmove.qa.testcases.Articlesettingpagetest">
    <skipped/>
  </testcase> <!-- @AfterMethod teardown -->
  <testcase name="@BeforeMethod setup" time="-1.588534182958E9" classname="com.quickmove.qa.testcases.Articlesettingpagetest">
    <skipped/>
  </testcase> <!-- @BeforeMethod setup -->
  <testcase name="@AfterMethod teardown" time="-1.588534182958E9" classname="com.quickmove.qa.testcases.Articlesettingpagetest">
    <skipped/>
  </testcase> <!-- @AfterMethod teardown -->
  <testcase name="@BeforeMethod setup" time="-1.588534182958E9" classname="com.quickmove.qa.testcases.Articlesettingpagetest">
    <skipped/>
  </testcase> <!-- @BeforeMethod setup -->
  <testcase name="@AfterMethod teardown" time="-1.588534182958E9" classname="com.quickmove.qa.testcases.Articlesettingpagetest">
    <skipped/>
  </testcase> <!-- @AfterMethod teardown -->
  <testcase name="@BeforeMethod setup" time="-1.588534182958E9" classname="com.quickmove.qa.testcases.Articlesettingpagetest">
    <skipped/>
  </testcase> <!-- @BeforeMethod setup -->
  <testcase name="@AfterMethod teardown" time="-1.588534182974E9" classname="com.quickmove.qa.testcases.Articlesettingpagetest">
    <skipped/>
  </testcase> <!-- @AfterMethod teardown -->
  <testcase name="@BeforeMethod setup" time="-1.588534182974E9" classname="com.quickmove.qa.testcases.Articlesettingpagetest">
    <skipped/>
  </testcase> <!-- @BeforeMethod setup -->
  <testcase name="@AfterMethod teardown" time="-1.588534182974E9" classname="com.quickmove.qa.testcases.Articlesettingpagetest">
    <skipped/>
  </testcase> <!-- @AfterMethod teardown -->
  <testcase name="@BeforeMethod setup" time="-1.588534182974E9" classname="com.quickmove.qa.testcases.Articlesettingpagetest">
    <skipped/>
  </testcase> <!-- @BeforeMethod setup -->
  <testcase name="@AfterMethod teardown" time="-1.588534182974E9" classname="com.quickmove.qa.testcases.Articlesettingpagetest">
    <skipped/>
  </testcase> <!-- @AfterMethod teardown -->
  <testcase name="@BeforeMethod setup" time="-1.588534182974E9" classname="com.quickmove.qa.testcases.Articlesettingpagetest">
    <skipped/>
  </testcase> <!-- @BeforeMethod setup -->
  <testcase name="@AfterMethod teardown" time="-1.588534182974E9" classname="com.quickmove.qa.testcases.Articlesettingpagetest">
    <skipped/>
  </testcase> <!-- @AfterMethod teardown -->
  <testcase name="@BeforeMethod setup" time="-1.588534182974E9" classname="com.quickmove.qa.testcases.Articlesettingpagetest">
    <skipped/>
  </testcase> <!-- @BeforeMethod setup -->
  <testcase name="@AfterMethod teardown" time="-1.588534182989E9" classname="com.quickmove.qa.testcases.Articlesettingpagetest">
    <skipped/>
  </testcase> <!-- @AfterMethod teardown -->
  <testcase name="@BeforeMethod setup" time="-1.588534182989E9" classname="com.quickmove.qa.testcases.Articlesettingpagetest">
    <skipped/>
  </testcase> <!-- @BeforeMethod setup -->
  <testcase name="@AfterMethod teardown" time="-1.588534182989E9" classname="com.quickmove.qa.testcases.Articlesettingpagetest">
    <skipped/>
  </testcase> <!-- @AfterMethod teardown -->
  <testcase name="@BeforeMethod setup" time="-1.588534182989E9" classname="com.quickmove.qa.testcases.Articlesettingpagetest">
    <skipped/>
  </testcase> <!-- @BeforeMethod setup -->
  <testcase name="@AfterMethod teardown" time="-1.588534182989E9" classname="com.quickmove.qa.testcases.Articlesettingpagetest">
    <skipped/>
  </testcase> <!-- @AfterMethod teardown -->
  <testcase name="@BeforeMethod setup" time="-1.588534183005E9" classname="com.quickmove.qa.testcases.Articlesettingpagetest">
    <skipped/>
  </testcase> <!-- @BeforeMethod setup -->
  <testcase name="@AfterMethod teardown" time="-1.588534183005E9" classname="com.quickmove.qa.testcases.Articlesettingpagetest">
    <skipped/>
  </testcase> <!-- @AfterMethod teardown -->
  <testcase name="@BeforeMethod setup" time="-1.588534183005E9" classname="com.quickmove.qa.testcases.Articlesettingpagetest">
    <skipped/>
  </testcase> <!-- @BeforeMethod setup -->
  <testcase name="@AfterMethod teardown" time="-1.588534183005E9" classname="com.quickmove.qa.testcases.Articlesettingpagetest">
    <skipped/>
  </testcase> <!-- @AfterMethod teardown -->
  <testcase name="@BeforeMethod setup" time="-1.588534183005E9" classname="com.quickmove.qa.testcases.Articlesettingpagetest">
    <skipped/>
  </testcase> <!-- @BeforeMethod setup -->
  <testcase name="@AfterMethod teardown" time="-1.588534183005E9" classname="com.quickmove.qa.testcases.Articlesettingpagetest">
    <skipped/>
  </testcase> <!-- @AfterMethod teardown -->
  <testcase name="@BeforeMethod setup" time="-1.588534183005E9" classname="com.quickmove.qa.testcases.Articlesettingpagetest">
    <skipped/>
  </testcase> <!-- @BeforeMethod setup -->
  <testcase name="@AfterMethod teardown" time="-1.588534183021E9" classname="com.quickmove.qa.testcases.Articlesettingpagetest">
    <skipped/>
  </testcase> <!-- @AfterMethod teardown -->
  <testcase name="@BeforeMethod setup" time="-1.588534183021E9" classname="com.quickmove.qa.testcases.Articlesettingpagetest">
    <skipped/>
  </testcase> <!-- @BeforeMethod setup -->
  <testcase name="@AfterMethod teardown" time="-1.588534183021E9" classname="com.quickmove.qa.testcases.Articlesettingpagetest">
    <skipped/>
  </testcase> <!-- @AfterMethod teardown -->
  <testcase name="@BeforeMethod setup" time="-1.588534183021E9" classname="com.quickmove.qa.testcases.Articlesettingpagetest">
    <skipped/>
  </testcase> <!-- @BeforeMethod setup -->
  <testcase name="@AfterMethod teardown" time="-1.588534183021E9" classname="com.quickmove.qa.testcases.Articlesettingpagetest">
    <skipped/>
  </testcase> <!-- @AfterMethod teardown -->
  <testcase name="@BeforeMethod setup" time="-1.588534183021E9" classname="com.quickmove.qa.testcases.Articlesettingpagetest">
    <skipped/>
  </testcase> <!-- @BeforeMethod setup -->
  <testcase name="@AfterMethod teardown" time="-1.588534183021E9" classname="com.quickmove.qa.testcases.Articlesettingpagetest">
    <skipped/>
  </testcase> <!-- @AfterMethod teardown -->
  <testcase name="@BeforeMethod setup" time="-1.588534183021E9" classname="com.quickmove.qa.testcases.Articlesettingpagetest">
    <skipped/>
  </testcase> <!-- @BeforeMethod setup -->
  <testcase name="@AfterMethod teardown" time="-1.588534183036E9" classname="com.quickmove.qa.testcases.Articlesettingpagetest">
    <skipped/>
  </testcase> <!-- @AfterMethod teardown -->
  <testcase name="@BeforeMethod setup" time="-1.588534183036E9" classname="com.quickmove.qa.testcases.Articlesettingpagetest">
    <skipped/>
  </testcase> <!-- @BeforeMethod setup -->
  <testcase name="@AfterMethod teardown" time="-1.588534183036E9" classname="com.quickmove.qa.testcases.Articlesettingpagetest">
    <skipped/>
  </testcase> <!-- @AfterMethod teardown -->
  <testcase name="@BeforeMethod setup" time="-1.588534183036E9" classname="com.quickmove.qa.testcases.Articlesettingpagetest">
    <skipped/>
  </testcase> <!-- @BeforeMethod setup -->
  <testcase name="@AfterMethod teardown" time="-1.588534183036E9" classname="com.quickmove.qa.testcases.Articlesettingpagetest">
    <skipped/>
  </testcase> <!-- @AfterMethod teardown -->
  <testcase name="@BeforeMethod setup" time="-1.588534183036E9" classname="com.quickmove.qa.testcases.Articlesettingpagetest">
    <skipped/>
  </testcase> <!-- @BeforeMethod setup -->
  <testcase name="@AfterMethod teardown" time="-1.588534183036E9" classname="com.quickmove.qa.testcases.Articlesettingpagetest">
    <skipped/>
  </testcase> <!-- @AfterMethod teardown -->
  <testcase name="@BeforeMethod setup" time="-1.588534183036E9" classname="com.quickmove.qa.testcases.Articlesettingpagetest">
    <skipped/>
  </testcase> <!-- @BeforeMethod setup -->
  <testcase name="@AfterMethod teardown" time="-1.588534183052E9" classname="com.quickmove.qa.testcases.Articlesettingpagetest">
    <skipped/>
  </testcase> <!-- @AfterMethod teardown -->
  <testcase name="@BeforeMethod setup" time="-1.588534183052E9" classname="com.quickmove.qa.testcases.Articlesettingpagetest">
    <skipped/>
  </testcase> <!-- @BeforeMethod setup -->
  <testcase name="@AfterMethod teardown" time="-1.588534183052E9" classname="com.quickmove.qa.testcases.Articlesettingpagetest">
    <skipped/>
  </testcase> <!-- @AfterMethod teardown -->
  <testcase name="@BeforeMethod setup" time="-1.588534183052E9" classname="com.quickmove.qa.testcases.Articlesettingpagetest">
    <skipped/>
  </testcase> <!-- @BeforeMethod setup -->
  <testcase name="@AfterMethod teardown" time="-1.588534183052E9" classname="com.quickmove.qa.testcases.Articlesettingpagetest">
    <skipped/>
  </testcase> <!-- @AfterMethod teardown -->
  <testcase name="@BeforeMethod setup" time="-1.588534183068E9" classname="com.quickmove.qa.testcases.Articlesettingpagetest">
    <skipped/>
  </testcase> <!-- @BeforeMethod setup -->
  <testcase name="@AfterMethod teardown" time="-1.588534183068E9" classname="com.quickmove.qa.testcases.Articlesettingpagetest">
    <skipped/>
  </testcase> <!-- @AfterMethod teardown -->
  <testcase name="@BeforeMethod setup" time="-1.588534183068E9" classname="com.quickmove.qa.testcases.Articlesettingpagetest">
    <skipped/>
  </testcase> <!-- @BeforeMethod setup -->
  <testcase name="@AfterMethod teardown" time="-1.588534183068E9" classname="com.quickmove.qa.testcases.Articlesettingpagetest">
    <skipped/>
  </testcase> <!-- @AfterMethod teardown -->
  <testcase name="@BeforeMethod setup" time="-1.588534183068E9" classname="com.quickmove.qa.testcases.Articlesettingpagetest">
    <skipped/>
  </testcase> <!-- @BeforeMethod setup -->
  <testcase name="@AfterMethod teardown" time="-1.588534183068E9" classname="com.quickmove.qa.testcases.Articlesettingpagetest">
    <skipped/>
  </testcase> <!-- @AfterMethod teardown -->
  <testcase name="@BeforeMethod setup" time="-1.588534183068E9" classname="com.quickmove.qa.testcases.Articlesettingpagetest">
    <skipped/>
  </testcase> <!-- @BeforeMethod setup -->
  <testcase name="@AfterMethod teardown" time="-1.588534183068E9" classname="com.quickmove.qa.testcases.Articlesettingpagetest">
    <skipped/>
  </testcase> <!-- @AfterMethod teardown -->
  <testcase name="@BeforeMethod setup" time="-1.588534183083E9" classname="com.quickmove.qa.testcases.Articlesettingpagetest">
    <skipped/>
  </testcase> <!-- @BeforeMethod setup -->
  <testcase name="@AfterMethod teardown" time="-1.588534183083E9" classname="com.quickmove.qa.testcases.Articlesettingpagetest">
    <skipped/>
  </testcase> <!-- @AfterMethod teardown -->
  <testcase name="@BeforeMethod setup" time="-1.588534183083E9" classname="com.quickmove.qa.testcases.Articlesettingpagetest">
    <skipped/>
  </testcase> <!-- @BeforeMethod setup -->
  <testcase name="@AfterMethod teardown" time="-1.588534183083E9" classname="com.quickmove.qa.testcases.Articlesettingpagetest">
    <skipped/>
  </testcase> <!-- @AfterMethod teardown -->
  <testcase name="@BeforeMethod setup" time="-1.588534183083E9" classname="com.quickmove.qa.testcases.Articlesettingpagetest">
    <skipped/>
  </testcase> <!-- @BeforeMethod setup -->
  <testcase name="@AfterMethod teardown" time="-1.588534183099E9" classname="com.quickmove.qa.testcases.Articlesettingpagetest">
    <skipped/>
  </testcase> <!-- @AfterMethod teardown -->
  <testcase name="@BeforeMethod setup" time="-1.588534183099E9" classname="com.quickmove.qa.testcases.Articlesettingpagetest">
    <skipped/>
  </testcase> <!-- @BeforeMethod setup -->
  <testcase name="@AfterMethod teardown" time="-1.588534183099E9" classname="com.quickmove.qa.testcases.Articlesettingpagetest">
    <skipped/>
  </testcase> <!-- @AfterMethod teardown -->
  <testcase name="@BeforeMethod setup" time="-1.588534183099E9" classname="com.quickmove.qa.testcases.Articlesettingpagetest">
    <skipped/>
  </testcase> <!-- @BeforeMethod setup -->
  <testcase name="@AfterMethod teardown" time="-1.588534183099E9" classname="com.quickmove.qa.testcases.Articlesettingpagetest">
    <skipped/>
  </testcase> <!-- @AfterMethod teardown -->
  <testcase name="@BeforeMethod setup" time="-1.588534183099E9" classname="com.quickmove.qa.testcases.Articlesettingpagetest">
    <skipped/>
  </testcase> <!-- @BeforeMethod setup -->
  <testcase name="@AfterMethod teardown" time="-1.588534183114E9" classname="com.quickmove.qa.testcases.Articlesettingpagetest">
    <skipped/>
  </testcase> <!-- @AfterMethod teardown -->
  <testcase name="@BeforeMethod setup" time="-1.588534183114E9" classname="com.quickmove.qa.testcases.Articlesettingpagetest">
    <skipped/>
  </testcase> <!-- @BeforeMethod setup -->
  <testcase name="@AfterMethod teardown" time="-1.588534183114E9" classname="com.quickmove.qa.testcases.Articlesettingpagetest">
    <skipped/>
  </testcase> <!-- @AfterMethod teardown -->
  <testcase name="@BeforeMethod setup" time="-1.588534183114E9" classname="com.quickmove.qa.testcases.Articlesettingpagetest">
    <skipped/>
  </testcase> <!-- @BeforeMethod setup -->
  <testcase name="@AfterMethod teardown" time="-1.588534183114E9" classname="com.quickmove.qa.testcases.Articlesettingpagetest">
    <skipped/>
  </testcase> <!-- @AfterMethod teardown -->
  <testcase name="@BeforeMethod setup" time="-1.588534183114E9" classname="com.quickmove.qa.testcases.Articlesettingpagetest">
    <skipped/>
  </testcase> <!-- @BeforeMethod setup -->
  <testcase name="@AfterMethod teardown" time="-1.588534183114E9" classname="com.quickmove.qa.testcases.Articlesettingpagetest">
    <skipped/>
  </testcase> <!-- @AfterMethod teardown -->
  <testcase name="@BeforeMethod setup" time="-1.58853418313E9" classname="com.quickmove.qa.testcases.Articlesettingpagetest">
    <skipped/>
  </testcase> <!-- @BeforeMethod setup -->
  <testcase name="@AfterMethod teardown" time="-1.58853418313E9" classname="com.quickmove.qa.testcases.Articlesettingpagetest">
    <skipped/>
  </testcase> <!-- @AfterMethod teardown -->
  <testcase name="@BeforeMethod setup" time="-1.58853418313E9" classname="com.quickmove.qa.testcases.Articlesettingpagetest">
    <skipped/>
[...]
  <testcase name="validateaddarticle" time="0.0" classname="com.quickmove.qa.testcases.Articlesettingpagetest">
    <skipped/>
  </testcase> <!-- validateaddarticle -->
  <testcase name="validateaddarticle" time="0.0" classname="com.quickmove.qa.testcases.Articlesettingpagetest">
    <skipped/>
  </testcase> <!-- validateaddarticle -->
  <testcase name="validateaddarticle" time="0.0" classname="com.quickmove.qa.testcases.Articlesettingpagetest">
    <skipped/>
  </testcase> <!-- validateaddarticle -->
  <testcase name="validateaddarticle" time="0.0" classname="com.quickmove.qa.testcases.Articlesettingpagetest">
    <skipped/>
  </testcase> <!-- validateaddarticle -->
  <testcase name="validateaddarticle" time="0.0" classname="com.quickmove.qa.testcases.Articlesettingpagetest">
    <skipped/>
  </testcase> <!-- validateaddarticle -->
  <testcase name="validateaddarticle" time="0.0" classname="com.quickmove.qa.testcases.Articlesettingpagetest">
    <skipped/>
  </testcase> <!-- validateaddarticle -->
  <testcase name="validateaddarticle" time="0.0" classname="com.quickmove.qa.testcases.Articlesettingpagetest">
    <skipped/>
  </testcase> <!-- validateaddarticle -->
  <testcase name="validateaddarticle" time="0.0" classname="com.quickmove.qa.testcases.Articlesettingpagetest">
    <skipped/>
  </testcase> <!-- validateaddarticle -->
  <testcase name="validateaddarticle" time="0.0" classname="com.quickmove.qa.testcases.Articlesettingpagetest">
    <skipped/>
  </testcase> <!-- validateaddarticle -->
  <testcase name="validateaddarticle" time="0.0" classname="com.quickmove.qa.testcases.Articlesettingpagetest">
    <skipped/>
  </testcase> <!-- validateaddarticle -->
  <testcase name="validateaddarticle" time="0.0" classname="com.quickmove.qa.testcases.Articlesettingpagetest">
    <skipped/>
  </testcase> <!-- validateaddarticle -->
  <testcase name="validateaddarticle" time="0.0" classname="com.quickmove.qa.testcases.Articlesettingpagetest">
    <skipped/>
  </testcase> <!-- validateaddarticle -->
  <testcase name="validateaddarticle" time="0.0" classname="com.quickmove.qa.testcases.Articlesettingpagetest">
    <skipped/>
  </testcase> <!-- validateaddarticle -->
  <testcase name="validateaddarticle" time="0.0" classname="com.quickmove.qa.testcases.Articlesettingpagetest">
    <skipped/>
  </testcase> <!-- validateaddarticle -->
  <testcase name="validateaddarticle" time="0.0" classname="com.quickmove.qa.testcases.Articlesettingpagetest">
    <skipped/>
  </testcase> <!-- validateaddarticle -->
  <testcase name="validateaddarticle" time="0.0" classname="com.quickmove.qa.testcases.Articlesettingpagetest">
    <skipped/>
  </testcase> <!-- validateaddarticle -->
  <testcase name="validateaddarticle" time="0.0" classname="com.quickmove.qa.testcases.Articlesettingpagetest">
    <skipped/>
  </testcase> <!-- validateaddarticle -->
  <testcase name="validateaddarticle" time="0.0" classname="com.quickmove.qa.testcases.Articlesettingpagetest">
    <skipped/>
  </testcase> <!-- validateaddarticle -->
  <testcase name="validateaddarticle" time="0.0" classname="com.quickmove.qa.testcases.Articlesettingpagetest">
    <skipped/>
  </testcase> <!-- validateaddarticle -->
  <testcase name="validateaddarticle" time="0.0" classname="com.quickmove.qa.testcases.Articlesettingpagetest">
    <skipped/>
  </testcase> <!-- validateaddarticle -->
  <testcase name="validateaddarticle" time="0.0" classname="com.quickmove.qa.testcases.Articlesettingpagetest">
    <skipped/>
  </testcase> <!-- validateaddarticle -->
  <testcase name="validateaddarticle" time="0.0" classname="com.quickmove.qa.testcases.Articlesettingpagetest">
    <skipped/>
  </testcase> <!-- validateaddarticle -->
  <testcase name="validateaddarticle" time="0.0" classname="com.quickmove.qa.testcases.Articlesettingpagetest">
    <skipped/>
  </testcase> <!-- validateaddarticle -->
  <testcase name="validateaddarticle" time="0.0" classname="com.quickmove.qa.testcases.Articlesettingpagetest">
    <skipped/>
  </testcase> <!-- validateaddarticle -->
  <testcase name="validateaddarticle" time="0.0" classname="com.quickmove.qa.testcases.Articlesettingpagetest">
    <skipped/>
  </testcase> <!-- validateaddarticle -->
  <testcase name="validateaddarticle" time="0.0" classname="com.quickmove.qa.testcases.Articlesettingpagetest">
    <skipped/>
  </testcase> <!-- validateaddarticle -->
  <testcase name="validateaddarticle" time="0.0" classname="com.quickmove.qa.testcases.Articlesettingpagetest">
    <skipped/>
  </testcase> <!-- validateaddarticle -->
  <testcase name="validateaddarticle" time="0.0" classname="com.quickmove.qa.testcases.Articlesettingpagetest">
    <skipped/>
  </testcase> <!-- validateaddarticle -->
  <testcase name="validateaddarticle" time="0.0" classname="com.quickmove.qa.testcases.Articlesettingpagetest">
    <skipped/>
  </testcase> <!-- validateaddarticle -->
  <testcase name="validateaddarticle" time="0.0" classname="com.quickmove.qa.testcases.Articlesettingpagetest">
    <skipped/>
  </testcase> <!-- validateaddarticle -->
  <testcase name="validateaddarticle" time="0.0" classname="com.quickmove.qa.testcases.Articlesettingpagetest">
    <skipped/>
  </testcase> <!-- validateaddarticle -->
  <testcase name="validateaddarticle" time="0.0" classname="com.quickmove.qa.testcases.Articlesettingpagetest">
    <skipped/>
  </testcase> <!-- validateaddarticle -->
  <testcase name="validateaddarticle" time="0.0" classname="com.quickmove.qa.testcases.Articlesettingpagetest">
    <skipped/>
  </testcase> <!-- validateaddarticle -->
  <testcase name="validateaddarticle" time="0.0" classname="com.quickmove.qa.testcases.Articlesettingpagetest">
    <skipped/>
  </testcase> <!-- validateaddarticle -->
  <testcase name="validateaddarticle" time="0.0" classname="com.quickmove.qa.testcases.Articlesettingpagetest">
    <skipped/>
  </testcase> <!-- validateaddarticle -->
  <testcase name="validateaddarticle" time="0.0" classname="com.quickmove.qa.testcases.Articlesettingpagetest">
    <skipped/>
  </testcase> <!-- validateaddarticle -->
  <testcase name="validateaddarticle" time="0.0" classname="com.quickmove.qa.testcases.Articlesettingpagetest">
    <skipped/>
  </testcase> <!-- validateaddarticle -->
  <testcase name="validateaddarticle" time="0.0" classname="com.quickmove.qa.testcases.Articlesettingpagetest">
    <skipped/>
  </testcase> <!-- validateaddarticle -->
  <testcase name="validateaddarticle" time="0.0" classname="com.quickmove.qa.testcases.Articlesettingpagetest">
    <skipped/>
  </testcase> <!-- validateaddarticle -->
  <testcase name="validateaddarticle" time="0.0" classname="com.quickmove.qa.testcases.Articlesettingpagetest">
    <skipped/>
  </testcase> <!-- validateaddarticle -->
  <testcase name="validateaddarticle" time="0.0" classname="com.quickmove.qa.testcases.Articlesettingpagetest">
    <skipped/>
  </testcase> <!-- validateaddarticle -->
  <testcase name="validateaddarticle" time="0.0" classname="com.quickmove.qa.testcases.Articlesettingpagetest">
    <skipped/>
  </testcase> <!-- validateaddarticle -->
  <testcase name="validateaddarticle" time="0.0" classname="com.quickmove.qa.testcases.Articlesettingpagetest">
    <skipped/>
  </testcase> <!-- validateaddarticle -->
  <testcase name="validateaddarticle" time="0.0" classname="com.quickmove.qa.testcases.Articlesettingpagetest">
    <skipped/>
  </testcase> <!-- validateaddarticle -->
  <testcase name="validateaddarticle" time="0.0" classname="com.quickmove.qa.testcases.Articlesettingpagetest">
    <skipped/>
  </testcase> <!-- validateaddarticle -->
  <testcase name="validateaddarticle" time="0.0" classname="com.quickmove.qa.testcases.Articlesettingpagetest">
    <skipped/>
  </testcase> <!-- validateaddarticle -->
  <testcase name="validateaddarticle" time="0.0" classname="com.quickmove.qa.testcases.Articlesettingpagetest">
    <skipped/>
  </testcase> <!-- validateaddarticle -->
  <testcase name="validateaddarticle" time="0.0" classname="com.quickmove.qa.testcases.Articlesettingpagetest">
    <skipped/>
  </testcase> <!-- validateaddarticle -->
  <testcase name="validateaddarticle" time="0.0" classname="com.quickmove.qa.testcases.Articlesettingpagetest">
    <skipped/>
  </testcase> <!-- validateaddarticle -->
  <testcase name="validateaddarticle" time="0.0" classname="com.quickmove.qa.testcases.Articlesettingpagetest">
    <skipped/>
  </testcase> <!-- validateaddarticle -->
  <testcase name="validateaddarticle" time="0.0" classname="com.quickmove.qa.testcases.Articlesettingpagetest">
    <skipped/>
  </testcase> <!-- validateaddarticle -->
  <testcase name="validateaddarticle" time="0.0" classname="com.quickmove.qa.testcases.Articlesettingpagetest">
    <skipped/>
  </testcase> <!-- validateaddarticle -->
  <testcase name="validateaddarticle" time="0.0" classname="com.quickmove.qa.testcases.Articlesettingpagetest">
    <skipped/>
  </testcase> <!-- validateaddarticle -->
  <testcase name="validateaddarticle" time="0.0" classname="com.quickmove.qa.testcases.Articlesettingpagetest">
    <skipped/>
  </testcase> <!-- validateaddarticle -->
  <testcase name="validateaddarticle" time="0.0" classname="com.quickmove.qa.testcases.Articlesettingpagetest">
    <skipped/>
  </testcase> <!-- validateaddarticle -->
  <testcase name="validateaddarticle" time="0.0" classname="com.quickmove.qa.testcases.Articlesettingpagetest">
    <skipped/>
  </testcase> <!-- validateaddarticle -->
  <testcase name="validateaddarticle" time="0.0" classname="com.quickmove.qa.testcases.Articlesettingpagetest">
    <skipped/>
  </testcase> <!-- validateaddarticle -->
  <testcase name="validateaddarticle" time="0.0" classname="com.quickmove.qa.testcases.Articlesettingpagetest">
    <skipped/>
  </testcase> <!-- validateaddarticle -->
  <testcase name="validateaddarticle" time="0.0" classname="com.quickmove.qa.testcases.Articlesettingpagetest">
    <skipped/>
  </testcase> <!-- validateaddarticle -->
  <testcase name="validateaddarticle" time="0.0" classname="com.quickmove.qa.testcases.Articlesettingpagetest">
    <skipped/>
  </testcase> <!-- validateaddarticle -->
  <testcase name="validateaddarticle" time="0.0" classname="com.quickmove.qa.testcases.Articlesettingpagetest">
    <skipped/>
  </testcase> <!-- validateaddarticle -->
  <testcase name="validateaddarticle" time="0.0" classname="com.quickmove.qa.testcases.Articlesettingpagetest">
    <skipped/>
  </testcase> <!-- validateaddarticle -->
  <testcase name="validateaddarticle" time="0.0" classname="com.quickmove.qa.testcases.Articlesettingpagetest">
    <skipped/>
  </testcase> <!-- validateaddarticle -->
  <testcase name="validateaddarticle" time="0.0" classname="com.quickmove.qa.testcases.Articlesettingpagetest">
    <skipped/>
  </testcase> <!-- validateaddarticle -->
  <testcase name="validateaddarticle" time="0.0" classname="com.quickmove.qa.testcases.Articlesettingpagetest">
    <skipped/>
  </testcase> <!-- validateaddarticle -->
  <testcase name="validateaddarticle" time="0.0" classname="com.quickmove.qa.testcases.Articlesettingpagetest">
    <skipped/>
  </testcase> <!-- validateaddarticle -->
  <testcase name="validateaddarticle" time="0.0" classname="com.quickmove.qa.testcases.Articlesettingpagetest">
    <skipped/>
  </testcase> <!-- validateaddarticle -->
  <testcase name="validateaddarticle" time="0.0" classname="com.quickmove.qa.testcases.Articlesettingpagetest">
    <skipped/>
  </testcase> <!-- validateaddarticle -->
  <testcase name="validateaddarticle" time="0.0" classname="com.quickmove.qa.testcases.Articlesettingpagetest">
    <skipped/>
  </testcase> <!-- validateaddarticle -->
  <testcase name="validateaddarticle" time="0.0" classname="com.quickmove.qa.testcases.Articlesettingpagetest">
    <skipped/>
  </testcase> <!-- validateaddarticle -->
  <testcase name="validateaddarticle" time="0.0" classname="com.quickmove.qa.testcases.Articlesettingpagetest">
    <skipped/>
  </testcase> <!-- validateaddarticle -->
  <testcase name="validateaddarticle" time="0.0" classname="com.quickmove.qa.testcases.Articlesettingpagetest">
    <skipped/>
  </testcase> <!-- validateaddarticle -->
  <testcase name="validateaddarticle" time="0.0" classname="com.quickmove.qa.testcases.Articlesettingpagetest">
    <skipped/>
  </testcase> <!-- validateaddarticle -->
  <testcase name="validateaddarticle" time="0.0" classname="com.quickmove.qa.testcases.Articlesettingpagetest">
    <skipped/>
  </testcase> <!-- validateaddarticle -->
  <testcase name="validateaddarticle" time="0.0" classname="com.quickmove.qa.testcases.Articlesettingpagetest">
    <skipped/>
  </testcase> <!-- validateaddarticle -->
  <testcase name="validateaddarticle" time="0.0" classname="com.quickmove.qa.testcases.Articlesettingpagetest">
    <skipped/>
  </testcase> <!-- validateaddarticle -->
  <testcase name="validateaddarticle" time="0.0" classname="com.quickmove.qa.testcases.Articlesettingpagetest">
    <skipped/>
  </testcase> <!-- validateaddarticle -->
  <testcase name="validateaddarticle" time="0.0" classname="com.quickmove.qa.testcases.Articlesettingpagetest">
    <skipped/>
  </testcase> <!-- validateaddarticle -->
  <testcase name="validateaddarticle" time="0.0" classname="com.quickmove.qa.testcases.Articlesettingpagetest">
    <skipped/>
  </testcase> <!-- validateaddarticle -->
  <testcase name="validateaddarticle" time="0.0" classname="com.quickmove.qa.testcases.Articlesettingpagetest">
    <skipped/>
  </testcase> <!-- validateaddarticle -->
  <testcase name="validateaddarticle" time="0.0" classname="com.quickmove.qa.testcases.Articlesettingpagetest">
    <skipped/>
  </testcase> <!-- validateaddarticle -->
  <testcase name="validateaddarticle" time="0.0" classname="com.quickmove.qa.testcases.Articlesettingpagetest">
    <skipped/>
  </testcase> <!-- validateaddarticle -->
  <testcase name="validateaddarticle" time="0.0" classname="com.quickmove.qa.testcases.Articlesettingpagetest">
    <skipped/>
  </testcase> <!-- validateaddarticle -->
  <testcase name="validateaddarticle" time="0.0" classname="com.quickmove.qa.testcases.Articlesettingpagetest">
    <skipped/>
  </testcase> <!-- validateaddarticle -->
  <testcase name="validateaddarticle" time="0.0" classname="com.quickmove.qa.testcases.Articlesettingpagetest">
    <skipped/>
  </testcase> <!-- validateaddarticle -->
  <testcase name="validateaddarticle" time="0.0" classname="com.quickmove.qa.testcases.Articlesettingpagetest">
    <skipped/>
  </testcase> <!-- validateaddarticle -->
  <testcase name="validateaddarticle" time="0.0" classname="com.quickmove.qa.testcases.Articlesettingpagetest">
    <skipped/>
  </testcase> <!-- validateaddarticle -->
  <testcase name="validateaddarticle" time="0.0" classname="com.quickmove.qa.testcases.Articlesettingpagetest">
    <skipped/>
  </testcase> <!-- validateaddarticle -->
  <testcase name="validateaddarticle" time="0.0" classname="com.quickmove.qa.testcases.Articlesettingpagetest">
    <skipped/>
  </testcase> <!-- validateaddarticle -->
  <testcase name="validateaddarticle" time="0.0" classname="com.quickmove.qa.testcases.Articlesettingpagetest">
    <skipped/>
  </testcase> <!-- validateaddarticle -->
  <testcase name="validateaddarticle" time="0.0" classname="com.quickmove.qa.testcases.Articlesettingpagetest">
    <skipped/>
  </testcase> <!-- validateaddarticle -->
  <testcase name="validateaddarticle" time="0.0" classname="com.quickmove.qa.testcases.Articlesettingpagetest">
    <skipped/>
  </testcase> <!-- validateaddarticle -->
  <testcase name="validateaddarticle" time="0.0" classname="com.quickmove.qa.testcases.Articlesettingpagetest">
    <skipped/>
  </testcase> <!-- validateaddarticle -->
  <testcase name="validateaddarticle" time="0.0" classname="com.quickmove.qa.testcases.Articlesettingpagetest">
    <skipped/>
  </testcase> <!-- validateaddarticle -->
  <testcase name="validateaddarticle" time="0.0" classname="com.quickmove.qa.testcases.Articlesettingpagetest">
    <skipped/>
  </testcase> <!-- validateaddarticle -->
  <testcase name="validateaddarticle" time="0.0" classname="com.quickmove.qa.testcases.Articlesettingpagetest">
    <skipped/>
  </testcase> <!-- validateaddarticle -->
  <testcase name="validateaddarticle" time="0.0" classname="com.quickmove.qa.testcases.Articlesettingpagetest">
    <skipped/>
  </testcase> <!-- validateaddarticle -->
  <testcase name="validateaddarticle" time="0.0" classname="com.quickmove.qa.testcases.Articlesettingpagetest">
    <skipped/>
  </testcase> <!-- validateaddarticle -->
  <testcase name="validateaddarticle" time="0.0" classname="com.quickmove.qa.testcases.Articlesettingpagetest">
    <skipped/>
  </testcase> <!-- validateaddarticle -->
  <testcase name="validateaddarticle" time="0.0" classname="com.quickmove.qa.testcases.Articlesettingpagetest">
    <skipped/>
  </testcase> <!-- validateaddarticle -->
  <testcase name="validateaddarticle" time="0.0" classname="com.quickmove.qa.testcases.Articlesettingpagetest">
    <skipped/>
  </testcase> <!-- validateaddarticle -->
  <testcase name="validateaddarticle" time="0.0" classname="com.quickmove.qa.testcases.Articlesettingpagetest">
    <skipped/>
  </testcase> <!-- validateaddarticle -->
  <testcase name="validateaddarticle" time="0.0" classname="com.quickmove.qa.testcases.Articlesettingpagetest">
    <skipped/>
  </testcase> <!-- validateaddarticle -->
  <testcase name="validateaddarticle" time="0.0" classname="com.quickmove.qa.testcases.Articlesettingpagetest">
    <skipped/>
  </testcase> <!-- validateaddarticle -->
  <testcase name="validateaddarticle" time="0.0" classname="com.quickmove.qa.testcases.Articlesettingpagetest">
    <skipped/>
  </testcase> <!-- validateaddarticle -->
  <testcase name="validateaddarticle" time="0.0" classname="com.quickmove.qa.testcases.Articlesettingpagetest">
    <skipped/>
  </testcase> <!-- validateaddarticle -->
  <testcase name="validateaddarticle" time="0.0" classname="com.quickmove.qa.testcases.Articlesettingpagetest">
    <skipped/>
  </testcase> <!-- validateaddarticle -->
  <testcase name="validateaddarticle" time="0.0" classname="com.quickmove.qa.testcases.Articlesettingpagetest">
    <skipped/>
  </testcase> <!-- validateaddarticle -->
  <testcase name="validateaddarticle" time="0.0" classname="com.quickmove.qa.testcases.Articlesettingpagetest">
    <skipped/>
  </testcase> <!-- validateaddarticle -->
  <testcase name="validateaddarticle" time="0.0" classname="com.quickmove.qa.testcases.Articlesettingpagetest">
    <skipped/>
  </testcase> <!-- validateaddarticle -->
  <testcase name="validateaddarticle" time="0.0" classname="com.quickmove.qa.testcases.Articlesettingpagetest">
    <skipped/>
  </testcase> <!-- validateaddarticle -->
  <testcase name="validateaddarticle" time="0.0" classname="com.quickmove.qa.testcases.Articlesettingpagetest">
    <skipped/>
  </testcase> <!-- validateaddarticle -->
  <testcase name="validateaddarticle" time="0.0" classname="com.quickmove.qa.testcases.Articlesettingpagetest">
    <skipped/>
  </testcase> <!-- validateaddarticle -->
  <testcase name="validateaddarticle" time="0.0" classname="com.quickmove.qa.testcases.Articlesettingpagetest">
    <skipped/>
  </testcase> <!-- validateaddarticle -->
  <testcase name="validateaddarticle" time="0.0" classname="com.quickmove.qa.testcases.Articlesettingpagetest">
    <skipped/>
  </testcase> <!-- validateaddarticle -->
  <testcase name="validateaddarticle" time="0.0" classname="com.quickmove.qa.testcases.Articlesettingpagetest">
    <skipped/>
  </testcase> <!-- validateaddarticle -->
  <testcase name="validateaddarticle" time="0.0" classname="com.quickmove.qa.testcases.Articlesettingpagetest">
    <skipped/>
  </testcase> <!-- validateaddarticle -->
  <testcase name="validateaddarticle" time="0.0" classname="com.quickmove.qa.testcases.Articlesettingpagetest">
    <skipped/>
  </testcase> <!-- validateaddarticle -->
</testsuite> <!--  CRM App Test Cases -->
